Using pre-set license
Built from '2020.2/release' branch; Version is '2020.2.1f1 (270dd8c3da1c) revision 2559448'; Using compiler version '192528614'; Build Type 'Release'
OS: 'Windows 10  (10.0.0) 64bit' Language: 'en' Physical Memory: 16226 MB
OS: 'Windows 10  (10.0.0) 64bit' Language: 'en' Physical Memory: 16309 MB
BatchMode: 1, IsHumanControllingUs: 0, StartBugReporterOnCrash: 0, Is64bit: 1, IsPro: 0

 COMMAND LINE ARGUMENTS:
C:\Program Files\Unity\Hub\Editor\2020.2.1f1\Editor\Unity.exe
-adb2
-batchMode
-noUpm
-name
AssetImportWorker0
-projectPath
G:/FSU DAGD Classes/[FSU] DAGD 498 - Seminar/Ever Onward/Ever_Onward/Ever_Onward
E:/FERRIS YEAR 4/CAPSTONE/UnityRepo/Ever_Onward/Ever_Onward
-logFile
Logs/AssetImportWorker0.log
-srvPort
62332
Successfully changed project path to: G:/FSU DAGD Classes/[FSU] DAGD 498 - Seminar/Ever Onward/Ever_Onward/Ever_Onward
G:/FSU DAGD Classes/[FSU] DAGD 498 - Seminar/Ever Onward/Ever_Onward/Ever_Onward
49643
Successfully changed project path to: E:/FERRIS YEAR 4/CAPSTONE/UnityRepo/Ever_Onward/Ever_Onward
E:/FERRIS YEAR 4/CAPSTONE/UnityRepo/Ever_Onward/Ever_Onward
Using Asset Import Pipeline V2.
Refreshing native plugins compatible for Editor in 52.41 ms, found 0 plugins.
Refreshing native plugins compatible for Editor in 16.54 ms, found 0 plugins.
Preloading 0 native plugins for Editor in 0.00 ms.
Initialize engine version: 2020.2.1f1 (270dd8c3da1c)
[Subsystems] Discovering subsystems at path C:/Program Files/Unity/Hub/Editor/2020.2.1f1/Editor/Data/Resources/UnitySubsystems
[Subsystems] Discovering subsystems at path G:/FSU DAGD Classes/[FSU] DAGD 498 - Seminar/Ever Onward/Ever_Onward/Ever_Onward/Assets
[Subsystems] Discovering subsystems at path E:/FERRIS YEAR 4/CAPSTONE/UnityRepo/Ever_Onward/Ever_Onward/Assets
GfxDevice: creating device client; threaded=0
Direct3D:
    Version:  Direct3D 11.0 [level 11.1]
    Renderer: NVIDIA GeForce GTX 1060 (ID=0x1c20)
    Renderer: NVIDIA GeForce RTX 3080 (ID=0x2206)
    Vendor:   
    VRAM:     6052 MB
    Driver:   30.0.14.7168
    VRAM:     10078 MB
    Driver:   30.0.14.7196
Initialize mono
Mono path[0] = 'C:/Program Files/Unity/Hub/Editor/2020.2.1f1/Editor/Data/Managed'
Mono path[1] = 'C:/Program Files/Unity/Hub/Editor/2020.2.1f1/Editor/Data/MonoBleedingEdge/lib/mono/unityjit'
Mono config path = 'C:/Program Files/Unity/Hub/Editor/2020.2.1f1/Editor/Data/MonoBleedingEdge/etc'
Using monoOptions --debugger-agent=transport=dt_socket,embedding=1,server=y,suspend=n,address=127.0.0.1:56668
Using monoOptions --debugger-agent=transport=dt_socket,embedding=1,server=y,suspend=n,address=127.0.0.1:56488
Begin MonoManager ReloadAssembly
Registering precompiled unity dll's ...
Register platform support module: C:/Program Files/Unity/Hub/Editor/2020.2.1f1/Editor/Data/PlaybackEngines/WindowsStandaloneSupport/UnityEditor.WindowsStandalone.Extensions.dll
Registered in 0.004411 seconds.
Registered in 0.001282 seconds.
Native extension for WindowsStandalone target not found
Refreshing native plugins compatible for Editor in 52.52 ms, found 0 plugins.
Refreshing native plugins compatible for Editor in 16.94 ms, found 0 plugins.
Preloading 0 native plugins for Editor in 0.00 ms.
Invoked RoslynAnalysisRunner static constructor.
RoslynAnalysisRunner will not be running.
RoslynAnalysisRunner has terminated.
Mono: successfully reloaded assembly
- Completed reload, in  2.712 seconds
- Completed reload, in  0.622 seconds
Platform modules already initialized, skipping
Registering precompiled user dll's ...
Registered in 0.002158 seconds.
Registered in 0.000369 seconds.
Begin MonoManager ReloadAssembly
Native extension for WindowsStandalone target not found
Refreshing native plugins compatible for Editor in 0.47 ms, found 0 plugins.
Refreshing native plugins compatible for Editor in 0.23 ms, found 0 plugins.
Preloading 0 native plugins for Editor in 0.00 ms.
Invoked RoslynAnalysisRunner static constructor.
RoslynAnalysisRunner will not be running.
RoslynAnalysisRunner has terminated.
Mono: successfully reloaded assembly
- Completed reload, in  1.873 seconds
- Completed reload, in  0.486 seconds
Platform modules already initialized, skipping
========================================================================
Worker process is ready to serve import requests
Launched and connected shader compiler UnityShaderCompiler.exe after 0.06 seconds
Refreshing native plugins compatible for Editor in 0.39 ms, found 0 plugins.
Launched and connected shader compiler UnityShaderCompiler.exe after 0.02 seconds
Refreshing native plugins compatible for Editor in 0.21 ms, found 0 plugins.
Preloading 0 native plugins for Editor in 0.00 ms.
Unloading 1127 Unused Serialized files (Serialized files now loaded: 0)
System memory in use before: 59.5 MB.
System memory in use after: 59.6 MB.
Unloading 1120 Unused Serialized files (Serialized files now loaded: 0)
System memory in use before: 58.7 MB.
System memory in use after: 58.7 MB.

Unloading 9 unused Assets to reduce memory usage. Loaded Objects now: 1576.
Total: 3.601700 ms (FindLiveObjects: 0.317100 ms CreateObjectMapping: 0.148900 ms MarkObjects: 3.037400 ms  DeleteObjects: 0.095700 ms)
Unloading 9 unused Assets to reduce memory usage. Loaded Objects now: 1569.
Total: 1.350800 ms (FindLiveObjects: 0.122200 ms CreateObjectMapping: 0.035600 ms MarkObjects: 1.156700 ms  DeleteObjects: 0.035500 ms)

========================================================================
Received Import Request.
  path: Assets/Scripts/CameraHandler.cs
  artifactKey: Guid(142d582f6f06f014ba0d97b4d46c9e07) Importer(815301076,1909f56bfc062723c751e8b465ee728b)
Start importing Assets/Scripts/CameraHandler.cs using Guid(142d582f6f06f014ba0d97b4d46c9e07) Importer(815301076,1909f56bfc062723c751e8b465ee728b)  -> (artifact id: '9734174b19d0d6052ec5dc7d613ebfc0') in 0.093118 seconds
  Import took 0.098468 seconds .
  path: Assets/Assest/Character/Enemy_2.0/Base Enemy/Ghoul_Naked.fbx
  artifactKey: Guid(f6b3fc716ae26d34d89652e52df59081) Importer(815301076,1909f56bfc062723c751e8b465ee728b)
Start importing Assets/Assest/Character/Enemy_2.0/Base Enemy/Ghoul_Naked.fbx using Guid(f6b3fc716ae26d34d89652e52df59081) Importer(815301076,1909f56bfc062723c751e8b465ee728b)  -> (artifact id: '054ba3d124f781192c153a39a533588d') in 0.204918 seconds
  Import took 0.206515 seconds .

========================================================================
Received Prepare
Registering precompiled user dll's ...
Registered in 0.001497 seconds.
Begin MonoManager ReloadAssembly
Native extension for WindowsStandalone target not found
Refreshing native plugins compatible for Editor in 0.35 ms, found 0 plugins.
Preloading 0 native plugins for Editor in 0.00 ms.
Invoked RoslynAnalysisRunner static constructor.
RoslynAnalysisRunner will not be running.
RoslynAnalysisRunner has terminated.
Mono: successfully reloaded assembly
- Completed reload, in  1.562 seconds
Platform modules already initialized, skipping
Refreshing native plugins compatible for Editor in 0.34 ms, found 0 plugins.
Preloading 0 native plugins for Editor in 0.00 ms.
Unloading 1122 Unused Serialized files (Serialized files now loaded: 0)
System memory in use before: 59.6 MB.
System memory in use after: 59.7 MB.
Received Import Request.
  Time since last request: 43.830631 seconds.
  path: Assets/Assest/Character/Enemy_2.0/Base Enemy/Ghoul_Base_Color.png
  artifactKey: Guid(1701beb70b1f22642ae38df11bfd4ddd) Importer(815301076,1909f56bfc062723c751e8b465ee728b)
Start importing Assets/Assest/Character/Enemy_2.0/Base Enemy/Ghoul_Base_Color.png using Guid(1701beb70b1f22642ae38df11bfd4ddd) Importer(815301076,1909f56bfc062723c751e8b465ee728b)  -> (artifact id: '8cd68e8587f5dcb764e4419ff3b6aee5') in 0.033065 seconds
  Import took 0.034615 seconds .

Unloading 5 unused Assets to reduce memory usage. Loaded Objects now: 1578.
Total: 3.062700 ms (FindLiveObjects: 0.219100 ms CreateObjectMapping: 0.067500 ms MarkObjects: 2.693900 ms  DeleteObjects: 0.080200 ms)
========================================================================
Received Import Request.
  Time since last request: 0.000146 seconds.
  path: Assets/Assest/Character/Enemy_2.0/Base Enemy/Ghoul_Roughness.png
  artifactKey: Guid(14d003259448ad7409f8bc7ddaec9ff3) Importer(815301076,1909f56bfc062723c751e8b465ee728b)
Start importing Assets/Assest/Character/Enemy_2.0/Base Enemy/Ghoul_Roughness.png using Guid(14d003259448ad7409f8bc7ddaec9ff3) Importer(815301076,1909f56bfc062723c751e8b465ee728b)  -> (artifact id: '68ba1732b7e34a76ec75c892c19b2d35') in 0.017700 seconds
  Import took 0.018811 seconds .

========================================================================
Received Prepare
Registering precompiled user dll's ...
Registered in 0.001325 seconds.
Begin MonoManager ReloadAssembly
Native extension for WindowsStandalone target not found
Refreshing native plugins compatible for Editor in 0.35 ms, found 0 plugins.
Preloading 0 native plugins for Editor in 0.00 ms.
Invoked RoslynAnalysisRunner static constructor.
RoslynAnalysisRunner will not be running.
RoslynAnalysisRunner has terminated.
Mono: successfully reloaded assembly
- Completed reload, in  1.471 seconds
Platform modules already initialized, skipping
Refreshing native plugins compatible for Editor in 0.35 ms, found 0 plugins.
Preloading 0 native plugins for Editor in 0.00 ms.
Unloading 1122 Unused Serialized files (Serialized files now loaded: 0)
System memory in use before: 60.6 MB.
System memory in use after: 60.7 MB.
Received Import Request.
  Time since last request: 0.000129 seconds.
  path: Assets/Assest/Character/Enemy_2.0/Base Enemy/Ghoul_Mixed_AO.png
  artifactKey: Guid(f13480264839f224a830af60a5888b11) Importer(815301076,1909f56bfc062723c751e8b465ee728b)
Start importing Assets/Assest/Character/Enemy_2.0/Base Enemy/Ghoul_Mixed_AO.png using Guid(f13480264839f224a830af60a5888b11) Importer(815301076,1909f56bfc062723c751e8b465ee728b)  -> (artifact id: '9dec19598db8b5d52657a86aed765b93') in 0.019794 seconds
  Import took 0.020997 seconds .

Unloading 5 unused Assets to reduce memory usage. Loaded Objects now: 1580.
Total: 4.011900 ms (FindLiveObjects: 0.340300 ms CreateObjectMapping: 0.107600 ms MarkObjects: 3.457900 ms  DeleteObjects: 0.103800 ms)
========================================================================
Received Import Request.
  Time since last request: 0.000120 seconds.
  path: Assets/Assest/Character/Enemy_2.0/Base Enemy/Ghoul_Normal_OpenGL.png
  artifactKey: Guid(a1f48861f9508a64cb4db6978f21229f) Importer(815301076,1909f56bfc062723c751e8b465ee728b)
Start importing Assets/Assest/Character/Enemy_2.0/Base Enemy/Ghoul_Normal_OpenGL.png using Guid(a1f48861f9508a64cb4db6978f21229f) Importer(815301076,1909f56bfc062723c751e8b465ee728b)  -> (artifact id: '6c55a5192e9795d02ad611a220397176') in 0.017476 seconds
  Import took 0.018468 seconds .

========================================================================
Received Prepare
Registering precompiled user dll's ...
Registered in 0.001382 seconds.
Begin MonoManager ReloadAssembly
Native extension for WindowsStandalone target not found
Refreshing native plugins compatible for Editor in 0.35 ms, found 0 plugins.
Preloading 0 native plugins for Editor in 0.00 ms.
Invoked RoslynAnalysisRunner static constructor.
RoslynAnalysisRunner will not be running.
RoslynAnalysisRunner has terminated.
Mono: successfully reloaded assembly
- Completed reload, in  1.512 seconds
Platform modules already initialized, skipping
Refreshing native plugins compatible for Editor in 0.47 ms, found 0 plugins.
Preloading 0 native plugins for Editor in 0.00 ms.
Unloading 1122 Unused Serialized files (Serialized files now loaded: 0)
System memory in use before: 60.6 MB.
System memory in use after: 60.7 MB.
Received Import Request.
  Time since last request: 0.000115 seconds.
  path: Assets/Assest/Character/Enemy_2.0/Base Enemy/Ghoul_Naked.fbx
  artifactKey: Guid(f6b3fc716ae26d34d89652e52df59081) Importer(815301076,1909f56bfc062723c751e8b465ee728b)
Start importing Assets/Assest/Character/Enemy_2.0/Base Enemy/Ghoul_Naked.fbx using Guid(f6b3fc716ae26d34d89652e52df59081) Importer(815301076,1909f56bfc062723c751e8b465ee728b)  -> (artifact id: '0ce85482a3f4f8f0b0b22b157dd55b83') in 0.023141 seconds
  Import took 0.024465 seconds .

Unloading 5 unused Assets to reduce memory usage. Loaded Objects now: 1582.
Total: 2.834900 ms (FindLiveObjects: 0.303500 ms CreateObjectMapping: 0.116000 ms MarkObjects: 2.335600 ms  DeleteObjects: 0.077000 ms)
========================================================================
Received Import Request.
  Time since last request: 0.000130 seconds.
  path: Assets/Assest/Character/Enemy_2.0/Base Enemy/Ghoul_Emissive.png
  artifactKey: Guid(e169ef3262758624ea0b797fdda60086) Importer(815301076,1909f56bfc062723c751e8b465ee728b)
Start importing Assets/Assest/Character/Enemy_2.0/Base Enemy/Ghoul_Emissive.png using Guid(e169ef3262758624ea0b797fdda60086) Importer(815301076,1909f56bfc062723c751e8b465ee728b)  -> (artifact id: '16850ea69689450b820ac606644254d7') in 0.016364 seconds
  Import took 0.017393 seconds .

========================================================================
Received Prepare
Registering precompiled user dll's ...
Registered in 0.001355 seconds.
Begin MonoManager ReloadAssembly
Native extension for WindowsStandalone target not found
Refreshing native plugins compatible for Editor in 0.35 ms, found 0 plugins.
Preloading 0 native plugins for Editor in 0.00 ms.
Invoked RoslynAnalysisRunner static constructor.
RoslynAnalysisRunner will not be running.
RoslynAnalysisRunner has terminated.
Mono: successfully reloaded assembly
- Completed reload, in  1.432 seconds
Platform modules already initialized, skipping
Refreshing native plugins compatible for Editor in 0.39 ms, found 0 plugins.
Preloading 0 native plugins for Editor in 0.00 ms.
Unloading 1122 Unused Serialized files (Serialized files now loaded: 0)
System memory in use before: 60.6 MB.
System memory in use after: 60.7 MB.

Unloading 5 unused Assets to reduce memory usage. Loaded Objects now: 1584.
Total: 2.517100 ms (FindLiveObjects: 0.198100 ms CreateObjectMapping: 0.063600 ms MarkObjects: 2.187000 ms  DeleteObjects: 0.066600 ms)

========================================================================
Received Prepare
Registering precompiled user dll's ...
Registered in 0.001340 seconds.
Begin MonoManager ReloadAssembly
Native extension for WindowsStandalone target not found
Refreshing native plugins compatible for Editor in 0.35 ms, found 0 plugins.
Preloading 0 native plugins for Editor in 0.00 ms.
Invoked RoslynAnalysisRunner static constructor.
RoslynAnalysisRunner will not be running.
RoslynAnalysisRunner has terminated.
Mono: successfully reloaded assembly
- Completed reload, in  1.547 seconds
Platform modules already initialized, skipping
Refreshing native plugins compatible for Editor in 0.39 ms, found 0 plugins.
Preloading 0 native plugins for Editor in 0.00 ms.
Unloading 1122 Unused Serialized files (Serialized files now loaded: 0)
System memory in use before: 60.6 MB.
System memory in use after: 60.7 MB.
Received Import Request.
  Time since last request: 7.983128 seconds.
  path: Assets/Assest/Character/Enemy_2.0/Base Enemy/Ghoul_Normal_OpenGL.png
  artifactKey: Guid(a1f48861f9508a64cb4db6978f21229f) Importer(815301076,1909f56bfc062723c751e8b465ee728b)
Start importing Assets/Assest/Character/Enemy_2.0/Base Enemy/Ghoul_Normal_OpenGL.png using Guid(a1f48861f9508a64cb4db6978f21229f) Importer(815301076,1909f56bfc062723c751e8b465ee728b)  -> (artifact id: '8434fcf3bcb7c6bad910266ffc746cd4') in 0.025966 seconds
  Import took 0.027587 seconds .

Unloading 5 unused Assets to reduce memory usage. Loaded Objects now: 1586.
Total: 3.371700 ms (FindLiveObjects: 0.213400 ms CreateObjectMapping: 0.069400 ms MarkObjects: 2.975400 ms  DeleteObjects: 0.110800 ms)
========================================================================
Received Import Request.
  Time since last request: 75.794201 seconds.
  path: Assets/Assest/Character/Enemy_2.0/Base Enemy
  artifactKey: Guid(aef9114abf3c77c40a623ac78d7adca0) Importer(815301076,1909f56bfc062723c751e8b465ee728b)
Start importing Assets/Assest/Character/Enemy_2.0/Base Enemy using Guid(aef9114abf3c77c40a623ac78d7adca0) Importer(815301076,1909f56bfc062723c751e8b465ee728b)  -> (artifact id: '6ba215382ecd92b451b4859387397ba1') in 0.011851 seconds
  Import took 0.013472 seconds .

========================================================================
Received Prepare
Registering precompiled user dll's ...
Registered in 0.001386 seconds.
Begin MonoManager ReloadAssembly
Native extension for WindowsStandalone target not found
Refreshing native plugins compatible for Editor in 0.37 ms, found 0 plugins.
Preloading 0 native plugins for Editor in 0.00 ms.
Invoked RoslynAnalysisRunner static constructor.
RoslynAnalysisRunner will not be running.
RoslynAnalysisRunner has terminated.
Mono: successfully reloaded assembly
- Completed reload, in  1.546 seconds
Platform modules already initialized, skipping
Refreshing native plugins compatible for Editor in 0.41 ms, found 0 plugins.
Preloading 0 native plugins for Editor in 0.00 ms.
Unloading 1122 Unused Serialized files (Serialized files now loaded: 0)
System memory in use before: 60.6 MB.
System memory in use after: 60.7 MB.
Received Import Request.
  Time since last request: 0.001429 seconds.
  path: Assets/Assest/Character/Enemy_2.0/Base Enemy
  artifactKey: Guid(aef9114abf3c77c40a623ac78d7adca0) Importer(815301076,1909f56bfc062723c751e8b465ee728b)
Start importing Assets/Assest/Character/Enemy_2.0/Base Enemy using Guid(aef9114abf3c77c40a623ac78d7adca0) Importer(815301076,1909f56bfc062723c751e8b465ee728b)  -> (artifact id: '6ba215382ecd92b451b4859387397ba1') in 0.005622 seconds
  Import took 0.006771 seconds .

Unloading 5 unused Assets to reduce memory usage. Loaded Objects now: 1588.
Total: 2.868700 ms (FindLiveObjects: 0.224800 ms CreateObjectMapping: 0.075200 ms MarkObjects: 2.492600 ms  DeleteObjects: 0.073800 ms)
========================================================================
Received Import Request.
  Time since last request: 144.023431 seconds.
  path: Assets/Assest/Character/Enemy_2.0/Base Enemy/Ghoul_Naked.fbx
  artifactKey: Guid(f6b3fc716ae26d34d89652e52df59081) Importer(815301076,1909f56bfc062723c751e8b465ee728b)
Start importing Assets/Assest/Character/Enemy_2.0/Base Enemy/Ghoul_Naked.fbx using Guid(f6b3fc716ae26d34d89652e52df59081) Importer(815301076,1909f56bfc062723c751e8b465ee728b)  -> (artifact id: '350ef2198fb21ebb207cdd1204798989') in 0.028797 seconds
  Import took 0.030499 seconds .

========================================================================
Received Prepare
Registering precompiled user dll's ...
Registered in 0.001417 seconds.
Begin MonoManager ReloadAssembly
Native extension for WindowsStandalone target not found
Refreshing native plugins compatible for Editor in 0.37 ms, found 0 plugins.
Preloading 0 native plugins for Editor in 0.00 ms.
Invoked RoslynAnalysisRunner static constructor.
RoslynAnalysisRunner will not be running.
RoslynAnalysisRunner has terminated.
Mono: successfully reloaded assembly
- Completed reload, in  1.640 seconds
Platform modules already initialized, skipping
Refreshing native plugins compatible for Editor in 0.38 ms, found 0 plugins.
Preloading 0 native plugins for Editor in 0.00 ms.
Unloading 1122 Unused Serialized files (Serialized files now loaded: 0)
System memory in use before: 60.6 MB.
System memory in use after: 60.7 MB.

Unloading 5 unused Assets to reduce memory usage. Loaded Objects now: 1590.
Total: 3.009400 ms (FindLiveObjects: 0.205700 ms CreateObjectMapping: 0.067600 ms MarkObjects: 2.657800 ms  DeleteObjects: 0.076400 ms)

========================================================================
Received Prepare
Registering precompiled user dll's ...
Registered in 0.001996 seconds.
Begin MonoManager ReloadAssembly
Native extension for WindowsStandalone target not found
Refreshing native plugins compatible for Editor in 0.39 ms, found 0 plugins.
Preloading 0 native plugins for Editor in 0.00 ms.
Invoked RoslynAnalysisRunner static constructor.
RoslynAnalysisRunner will not be running.
RoslynAnalysisRunner has terminated.
Mono: successfully reloaded assembly
- Completed reload, in  1.631 seconds
Platform modules already initialized, skipping
Refreshing native plugins compatible for Editor in 0.55 ms, found 0 plugins.
Preloading 0 native plugins for Editor in 0.00 ms.
Unloading 1122 Unused Serialized files (Serialized files now loaded: 0)
System memory in use before: 60.6 MB.
System memory in use after: 60.7 MB.

Unloading 5 unused Assets to reduce memory usage. Loaded Objects now: 1592.
Total: 2.899300 ms (FindLiveObjects: 0.214200 ms CreateObjectMapping: 0.067400 ms MarkObjects: 2.533200 ms  DeleteObjects: 0.081500 ms)

========================================================================
Received Prepare
Registering precompiled user dll's ...
Registered in 0.001385 seconds.
Begin MonoManager ReloadAssembly
Native extension for WindowsStandalone target not found
Refreshing native plugins compatible for Editor in 0.35 ms, found 0 plugins.
Preloading 0 native plugins for Editor in 0.00 ms.
Invoked RoslynAnalysisRunner static constructor.
RoslynAnalysisRunner will not be running.
RoslynAnalysisRunner has terminated.
Mono: successfully reloaded assembly
- Completed reload, in  1.549 seconds
Platform modules already initialized, skipping
Refreshing native plugins compatible for Editor in 0.55 ms, found 0 plugins.
Preloading 0 native plugins for Editor in 0.00 ms.
Unloading 1122 Unused Serialized files (Serialized files now loaded: 0)
System memory in use before: 60.6 MB.
System memory in use after: 60.6 MB.

Unloading 5 unused Assets to reduce memory usage. Loaded Objects now: 1594.
Total: 2.932900 ms (FindLiveObjects: 0.319700 ms CreateObjectMapping: 0.109400 ms MarkObjects: 2.419900 ms  DeleteObjects: 0.081200 ms)

========================================================================
Received Prepare
Registering precompiled user dll's ...
Registered in 0.001368 seconds.
Begin MonoManager ReloadAssembly
Native extension for WindowsStandalone target not found
Refreshing native plugins compatible for Editor in 0.57 ms, found 0 plugins.
Preloading 0 native plugins for Editor in 0.00 ms.
Invoked RoslynAnalysisRunner static constructor.
RoslynAnalysisRunner will not be running.
RoslynAnalysisRunner has terminated.
Mono: successfully reloaded assembly
- Completed reload, in  1.663 seconds
Platform modules already initialized, skipping
Refreshing native plugins compatible for Editor in 0.36 ms, found 0 plugins.
Preloading 0 native plugins for Editor in 0.00 ms.
Unloading 1122 Unused Serialized files (Serialized files now loaded: 0)
System memory in use before: 60.6 MB.
System memory in use after: 60.7 MB.

Unloading 5 unused Assets to reduce memory usage. Loaded Objects now: 1596.
Total: 3.051200 ms (FindLiveObjects: 0.231600 ms CreateObjectMapping: 0.078800 ms MarkObjects: 2.640900 ms  DeleteObjects: 0.097400 ms)

Received Import Request.
  Time since last request: 0.000129 seconds.
  path: Assets/Assest/Character/Enemy_2.0/Base Enemy/Ghoul_Naked@Heavy_Attack.fbx
  artifactKey: Guid(d48c1814da4db7c45af7caf6a5a65a27) Importer(815301076,1909f56bfc062723c751e8b465ee728b)
Start importing Assets/Assest/Character/Enemy_2.0/Base Enemy/Ghoul_Naked@Heavy_Attack.fbx using Guid(d48c1814da4db7c45af7caf6a5a65a27) Importer(815301076,1909f56bfc062723c751e8b465ee728b)  -> (artifact id: 'ca593ab1fc882cc154884d71bc72bd75') in 0.051068 seconds
  Import took 0.052457 seconds .

========================================================================
Received Import Request.
  Time since last request: 0.000139 seconds.
  path: Assets/Assest/Character/Enemy_2.0/Base Enemy/Ghoul_Naked@LightAttack.fbx
  artifactKey: Guid(83b0c3e02982d7e47ae24ee0f928559e) Importer(815301076,1909f56bfc062723c751e8b465ee728b)
Start importing Assets/Assest/Character/Enemy_2.0/Base Enemy/Ghoul_Naked@LightAttack.fbx using Guid(83b0c3e02982d7e47ae24ee0f928559e) Importer(815301076,1909f56bfc062723c751e8b465ee728b)  -> (artifact id: '77d2cecda97687694eaf4796a86411b0') in 0.034272 seconds
  Import took 0.035845 seconds .

========================================================================
Received Import Request.
  Time since last request: 0.000122 seconds.
  path: Assets/Assest/Character/Enemy_2.0/Base Enemy/Ghoul_Naked@Passive_Idle.fbx
  artifactKey: Guid(b69873a08d99adb408cb97ebe3ad5dde) Importer(815301076,1909f56bfc062723c751e8b465ee728b)
Start importing Assets/Assest/Character/Enemy_2.0/Base Enemy/Ghoul_Naked@Passive_Idle.fbx using Guid(b69873a08d99adb408cb97ebe3ad5dde) Importer(815301076,1909f56bfc062723c751e8b465ee728b)  -> (artifact id: '005df37041764f2a9d6cfc4e3d8b14ce') in 0.045557 seconds
  Import took 0.046859 seconds .

========================================================================
Received Import Request.
  Time since last request: 0.000137 seconds.
  path: Assets/Assest/Character/Enemy_2.0/Base Enemy/Ghoul_Naked@Scream.fbx
  artifactKey: Guid(af2f20e1f6b72da4d86f2929492cf36e) Importer(815301076,1909f56bfc062723c751e8b465ee728b)
Start importing Assets/Assest/Character/Enemy_2.0/Base Enemy/Ghoul_Naked@Scream.fbx using Guid(af2f20e1f6b72da4d86f2929492cf36e) Importer(815301076,1909f56bfc062723c751e8b465ee728b)  -> (artifact id: '10df7e6813d6516f6ec35c0a881a4e7a') in 0.031275 seconds
  Import took 0.032576 seconds .

========================================================================
Received Import Request.
  Time since last request: 0.000127 seconds.
  path: Assets/Assest/Character/Enemy_2.0/Base Enemy/Ghoul_Naked@Angry_Idle.fbx
  artifactKey: Guid(034fb11e32891af4b902e2f2cc46b8ba) Importer(815301076,1909f56bfc062723c751e8b465ee728b)
Start importing Assets/Assest/Character/Enemy_2.0/Base Enemy/Ghoul_Naked@Angry_Idle.fbx using Guid(034fb11e32891af4b902e2f2cc46b8ba) Importer(815301076,1909f56bfc062723c751e8b465ee728b)  -> (artifact id: 'd8041910e248b094361fd92dc223fafc') in 0.033774 seconds
  Import took 0.035191 seconds .

========================================================================
Received Import Request.
  Time since last request: 0.000140 seconds.
  path: Assets/Assest/Character/Enemy_2.0/Base Enemy/Ghoul_Naked@Zombie Run.fbx
  artifactKey: Guid(798381d1ac26b024eb47602faf685a08) Importer(815301076,1909f56bfc062723c751e8b465ee728b)
Start importing Assets/Assest/Character/Enemy_2.0/Base Enemy/Ghoul_Naked@Zombie Run.fbx using Guid(798381d1ac26b024eb47602faf685a08) Importer(815301076,1909f56bfc062723c751e8b465ee728b)  -> (artifact id: '904f3790f327c35b917b198bfc0ae132') in 0.029528 seconds
  Import took 0.030695 seconds .

========================================================================
Received Import Request.
  Time since last request: 0.000122 seconds.
  path: Assets/Assest/Character/Enemy_2.0/Base Enemy/Ghoul_Naked@Fire.fbx
  artifactKey: Guid(8f3499952fb145a4bae71f8c0f9a1570) Importer(815301076,1909f56bfc062723c751e8b465ee728b)
Start importing Assets/Assest/Character/Enemy_2.0/Base Enemy/Ghoul_Naked@Fire.fbx using Guid(8f3499952fb145a4bae71f8c0f9a1570) Importer(815301076,1909f56bfc062723c751e8b465ee728b)  -> (artifact id: 'b8e50461e5dc3935e6b0617e86bd31e9') in 0.027845 seconds
  Import took 0.029069 seconds .

========================================================================
Received Import Request.
  Time since last request: 6.805666 seconds.
  path: Assets/Assest/Character/Enemy_2.0/Base Enemy/Ghoul_Naked.fbx
  artifactKey: Guid(f6b3fc716ae26d34d89652e52df59081) Importer(815301076,1909f56bfc062723c751e8b465ee728b)
Start importing Assets/Assest/Character/Enemy_2.0/Base Enemy/Ghoul_Naked.fbx using Guid(f6b3fc716ae26d34d89652e52df59081) Importer(815301076,1909f56bfc062723c751e8b465ee728b)  -> (artifact id: 'a3892891feb80e069532478f5f32bc86') in 0.027634 seconds
  Import took 0.029303 seconds .

========================================================================
Received Import Request.
  Time since last request: 0.000132 seconds.
  path: Assets/Assest/Character/Enemy_2.0/Base Enemy/Ghoul_Naked@Heavy_Attack.fbx
  artifactKey: Guid(d48c1814da4db7c45af7caf6a5a65a27) Importer(815301076,1909f56bfc062723c751e8b465ee728b)
Start importing Assets/Assest/Character/Enemy_2.0/Base Enemy/Ghoul_Naked@Heavy_Attack.fbx using Guid(d48c1814da4db7c45af7caf6a5a65a27) Importer(815301076,1909f56bfc062723c751e8b465ee728b)  -> (artifact id: 'dcc3600f49a3d5f815414f9879bd0ce2') in 0.030013 seconds
  Import took 0.031389 seconds .

========================================================================
Received Import Request.
  Time since last request: 0.000125 seconds.
  path: Assets/Assest/Character/Enemy_2.0/Base Enemy/Ghoul_Naked@LightAttack.fbx
  artifactKey: Guid(83b0c3e02982d7e47ae24ee0f928559e) Importer(815301076,1909f56bfc062723c751e8b465ee728b)
Start importing Assets/Assest/Character/Enemy_2.0/Base Enemy/Ghoul_Naked@LightAttack.fbx using Guid(83b0c3e02982d7e47ae24ee0f928559e) Importer(815301076,1909f56bfc062723c751e8b465ee728b)  -> (artifact id: '1f8687bb2e7fa9689255f85c1ad49b57') in 0.029832 seconds
  Import took 0.031233 seconds .

========================================================================
Received Import Request.
  Time since last request: 0.000118 seconds.
  path: Assets/Assest/Character/Enemy_2.0/Base Enemy/Ghoul_Naked@Passive_Idle.fbx
  artifactKey: Guid(b69873a08d99adb408cb97ebe3ad5dde) Importer(815301076,1909f56bfc062723c751e8b465ee728b)
Start importing Assets/Assest/Character/Enemy_2.0/Base Enemy/Ghoul_Naked@Passive_Idle.fbx using Guid(b69873a08d99adb408cb97ebe3ad5dde) Importer(815301076,1909f56bfc062723c751e8b465ee728b)  -> (artifact id: 'c98d3d7b76381213ffefcbbf7c764bd0') in 0.032085 seconds
  Import took 0.033504 seconds .

========================================================================
Received Import Request.
  Time since last request: 0.000127 seconds.
  path: Assets/Assest/Character/Enemy_2.0/Base Enemy/Ghoul_Naked.fbx
  artifactKey: Guid(f6b3fc716ae26d34d89652e52df59081) Importer(815301076,1909f56bfc062723c751e8b465ee728b)
Start importing Assets/Assest/Character/Enemy_2.0/Base Enemy/Ghoul_Naked.fbx using Guid(f6b3fc716ae26d34d89652e52df59081) Importer(815301076,1909f56bfc062723c751e8b465ee728b)  -> (artifact id: 'a3892891feb80e069532478f5f32bc86') in 0.024478 seconds
  Import took 0.025858 seconds .

========================================================================
Received Import Request.
  Time since last request: 0.000119 seconds.
  path: Assets/Assest/Character/Enemy_2.0/Base Enemy/Ghoul_Naked@Scream.fbx
  artifactKey: Guid(af2f20e1f6b72da4d86f2929492cf36e) Importer(815301076,1909f56bfc062723c751e8b465ee728b)
Start importing Assets/Assest/Character/Enemy_2.0/Base Enemy/Ghoul_Naked@Scream.fbx using Guid(af2f20e1f6b72da4d86f2929492cf36e) Importer(815301076,1909f56bfc062723c751e8b465ee728b)  -> (artifact id: '7079427560e4773153008e047462241f') in 0.035158 seconds
  Import took 0.036686 seconds .

========================================================================
Received Import Request.
  Time since last request: 0.000121 seconds.
  path: Assets/Assest/Character/Enemy_2.0/Base Enemy/Ghoul_Naked@Angry_Idle.fbx
  artifactKey: Guid(034fb11e32891af4b902e2f2cc46b8ba) Importer(815301076,1909f56bfc062723c751e8b465ee728b)
Start importing Assets/Assest/Character/Enemy_2.0/Base Enemy/Ghoul_Naked@Angry_Idle.fbx using Guid(034fb11e32891af4b902e2f2cc46b8ba) Importer(815301076,1909f56bfc062723c751e8b465ee728b)  -> (artifact id: '15ff4dad424c48464341939688b22186') in 0.030906 seconds
  Import took 0.032302 seconds .

========================================================================
Received Import Request.
  Time since last request: 0.000121 seconds.
  path: Assets/Assest/Character/Enemy_2.0/Base Enemy/Ghoul_Naked@Zombie Run.fbx
  artifactKey: Guid(798381d1ac26b024eb47602faf685a08) Importer(815301076,1909f56bfc062723c751e8b465ee728b)
Start importing Assets/Assest/Character/Enemy_2.0/Base Enemy/Ghoul_Naked@Zombie Run.fbx using Guid(798381d1ac26b024eb47602faf685a08) Importer(815301076,1909f56bfc062723c751e8b465ee728b)  -> (artifact id: '854355452d0fdbf4753f0830be3b6182') in 0.031606 seconds
  Import took 0.033021 seconds .

========================================================================
Received Import Request.
  Time since last request: 0.000135 seconds.
  path: Assets/Assest/Character/Enemy_2.0/Base Enemy/Ghoul_Naked@Fire.fbx
  artifactKey: Guid(8f3499952fb145a4bae71f8c0f9a1570) Importer(815301076,1909f56bfc062723c751e8b465ee728b)
Start importing Assets/Assest/Character/Enemy_2.0/Base Enemy/Ghoul_Naked@Fire.fbx using Guid(8f3499952fb145a4bae71f8c0f9a1570) Importer(815301076,1909f56bfc062723c751e8b465ee728b)  -> (artifact id: '14bffb4f3a9e6d5590b36644039a1edc') in 0.044053 seconds
  Import took 0.045441 seconds .

========================================================================
Received Import Request.
  Time since last request: 61.126633 seconds.
  path: Assets/Assest/Character/Enemy_2.0/Base Enemy/Ghoul_Naked@Angry_Idle.fbx
  artifactKey: Guid(034fb11e32891af4b902e2f2cc46b8ba) Importer(815301076,1909f56bfc062723c751e8b465ee728b)
Start importing Assets/Assest/Character/Enemy_2.0/Base Enemy/Ghoul_Naked@Angry_Idle.fbx using Guid(034fb11e32891af4b902e2f2cc46b8ba) Importer(815301076,1909f56bfc062723c751e8b465ee728b)  -> (artifact id: 'd71046cbcc1b299391753ff1ba9a4029') in 0.032122 seconds
  Import took 0.033861 seconds .

========================================================================
Received Import Request.
  Time since last request: 0.018912 seconds.
  path: Assets/Assest/Character/Enemy_2.0/Base Enemy/Ghoul_Naked@Angry_Idle.fbx
  artifactKey: Guid(034fb11e32891af4b902e2f2cc46b8ba) Importer(815301076,1909f56bfc062723c751e8b465ee728b)
Start importing Assets/Assest/Character/Enemy_2.0/Base Enemy/Ghoul_Naked@Angry_Idle.fbx using Guid(034fb11e32891af4b902e2f2cc46b8ba) Importer(815301076,1909f56bfc062723c751e8b465ee728b)  -> (artifact id: 'd71046cbcc1b299391753ff1ba9a4029') in 0.030981 seconds
  Import took 0.032610 seconds .

========================================================================
Received Import Request.
  Time since last request: 49.926832 seconds.
  path: Assets/Assest/Character/Enemy_2.0/Base Enemy/Ghoul_Naked.fbx
  artifactKey: Guid(f6b3fc716ae26d34d89652e52df59081) Importer(815301076,1909f56bfc062723c751e8b465ee728b)
Start importing Assets/Assest/Character/Enemy_2.0/Base Enemy/Ghoul_Naked.fbx using Guid(f6b3fc716ae26d34d89652e52df59081) Importer(815301076,1909f56bfc062723c751e8b465ee728b)  -> (artifact id: '410ca9b83fa7d46b82d6f8027e90c2e7') in 0.025953 seconds
  Import took 0.027590 seconds .

========================================================================
Received Import Request.
  Time since last request: 0.014531 seconds.
  path: Assets/Assest/Character/Enemy_2.0/Base Enemy/Ghoul_Naked.fbx
  artifactKey: Guid(f6b3fc716ae26d34d89652e52df59081) Importer(815301076,1909f56bfc062723c751e8b465ee728b)
Start importing Assets/Assest/Character/Enemy_2.0/Base Enemy/Ghoul_Naked.fbx using Guid(f6b3fc716ae26d34d89652e52df59081) Importer(815301076,1909f56bfc062723c751e8b465ee728b)  -> (artifact id: '410ca9b83fa7d46b82d6f8027e90c2e7') in 0.024093 seconds
  Import took 0.025512 seconds .

========================================================================
Received Import Request.
  Time since last request: 7.933890 seconds.
  path: Assets/Assest/Character/Enemy_2.0/Base Enemy/Ghoul_Naked.fbx
  artifactKey: Guid(f6b3fc716ae26d34d89652e52df59081) Importer(815301076,1909f56bfc062723c751e8b465ee728b)
Start importing Assets/Assest/Character/Enemy_2.0/Base Enemy/Ghoul_Naked.fbx using Guid(f6b3fc716ae26d34d89652e52df59081) Importer(815301076,1909f56bfc062723c751e8b465ee728b)  -> (artifact id: 'f4ffaca8aa3009a41663898f11cb9c8a') in 0.032971 seconds
  Import took 0.034646 seconds .

========================================================================
Received Import Request.
  Time since last request: 0.007320 seconds.
  path: Assets/Assest/Character/Enemy_2.0/Base Enemy/Ghoul_Naked.fbx
  artifactKey: Guid(f6b3fc716ae26d34d89652e52df59081) Importer(815301076,1909f56bfc062723c751e8b465ee728b)
Start importing Assets/Assest/Character/Enemy_2.0/Base Enemy/Ghoul_Naked.fbx using Guid(f6b3fc716ae26d34d89652e52df59081) Importer(815301076,1909f56bfc062723c751e8b465ee728b)  -> (artifact id: 'f4ffaca8aa3009a41663898f11cb9c8a') in 0.021555 seconds
  Import took 0.022843 seconds .

========================================================================
Received Import Request.
  Time since last request: 77.716793 seconds.
  path: Assets/Assest/Character/Enemy_2.0/Base Enemy/Ghoul_Naked.fbx
  artifactKey: Guid(f6b3fc716ae26d34d89652e52df59081) Importer(815301076,1909f56bfc062723c751e8b465ee728b)
Start importing Assets/Assest/Character/Enemy_2.0/Base Enemy/Ghoul_Naked.fbx using Guid(f6b3fc716ae26d34d89652e52df59081) Importer(815301076,1909f56bfc062723c751e8b465ee728b)  -> (artifact id: '5071bd95d036db8afa2ac36d0cfccd04') in 0.040953 seconds
  Import took 0.042556 seconds .

========================================================================
Received Import Request.
  Time since last request: 0.035749 seconds.
  path: Assets/Assest/Character/Enemy_2.0/Base Enemy/Ghoul_Naked.fbx
  artifactKey: Guid(f6b3fc716ae26d34d89652e52df59081) Importer(815301076,1909f56bfc062723c751e8b465ee728b)
Start importing Assets/Assest/Character/Enemy_2.0/Base Enemy/Ghoul_Naked.fbx using Guid(f6b3fc716ae26d34d89652e52df59081) Importer(815301076,1909f56bfc062723c751e8b465ee728b)  -> (artifact id: '5071bd95d036db8afa2ac36d0cfccd04') in 0.022059 seconds
  Import took 0.023510 seconds .

========================================================================
Received Import Request.
  Time since last request: 17.468918 seconds.
  path: Assets/Assest/Character/Enemy_2.0/Base Enemy/Ghoul_Naked.fbx
  artifactKey: Guid(f6b3fc716ae26d34d89652e52df59081) Importer(815301076,1909f56bfc062723c751e8b465ee728b)
Start importing Assets/Assest/Character/Enemy_2.0/Base Enemy/Ghoul_Naked.fbx using Guid(f6b3fc716ae26d34d89652e52df59081) Importer(815301076,1909f56bfc062723c751e8b465ee728b)  -> (artifact id: 'cc26cf95da0757dca9610a5bf31bd1da') in 0.027434 seconds
  Import took 0.029128 seconds .

========================================================================
Received Import Request.
  Time since last request: 7.432674 seconds.
  path: Assets/Assest/Character/Enemy_2.0/Base Enemy/Ghoul_Naked.fbx
  artifactKey: Guid(f6b3fc716ae26d34d89652e52df59081) Importer(815301076,1909f56bfc062723c751e8b465ee728b)
Start importing Assets/Assest/Character/Enemy_2.0/Base Enemy/Ghoul_Naked.fbx using Guid(f6b3fc716ae26d34d89652e52df59081) Importer(815301076,1909f56bfc062723c751e8b465ee728b)  -> (artifact id: 'be54977936ea7548f6a2a6b5844ad6cf') in 0.033837 seconds
  Import took 0.035504 seconds .

AssetImportWorkerClient::OnTransportError - code=2 error=End of file
