Using pre-set license
Built from '2020.2/release' branch; Version is '2020.2.1f1 (270dd8c3da1c) revision 2559448'; Using compiler version '192528614'; Build Type 'Release'
OS: 'Windows 10  (10.0.0) 64bit' Language: 'en' Physical Memory: 8127 MB
BatchMode: 1, IsHumanControllingUs: 0, StartBugReporterOnCrash: 0, Is64bit: 1, IsPro: 0

 COMMAND LINE ARGUMENTS:
C:\Program Files\Unity\Hub\Editor\2020.2.1f1\Editor\Unity.exe
-adb2
-batchMode
-noUpm
-name
AssetImportWorker2
-projectPath
C:/Users/lays3/Desktop/EVER_ONWARD/IDEK/Ever_Onward/Ever_Onward
-logFile
Logs/AssetImportWorker2.log
-srvPort
59591
Successfully changed project path to: C:/Users/lays3/Desktop/EVER_ONWARD/IDEK/Ever_Onward/Ever_Onward
C:/Users/lays3/Desktop/EVER_ONWARD/IDEK/Ever_Onward/Ever_Onward
Using Asset Import Pipeline V2.
Refreshing native plugins compatible for Editor in 36.12 ms, found 0 plugins.
Preloading 0 native plugins for Editor in 0.00 ms.
Initialize engine version: 2020.2.1f1 (270dd8c3da1c)
[Subsystems] Discovering subsystems at path C:/Program Files/Unity/Hub/Editor/2020.2.1f1/Editor/Data/Resources/UnitySubsystems
[Subsystems] Discovering subsystems at path C:/Users/lays3/Desktop/EVER_ONWARD/IDEK/Ever_Onward/Ever_Onward/Assets
GfxDevice: creating device client; threaded=0
Direct3D:
    Version:  Direct3D 11.0 [level 11.1]
    Renderer: NVIDIA GeForce GTX 1060 3GB (ID=0x1c02)
    Vendor:   
    VRAM:     2988 MB
    Driver:   27.21.14.6230
Initialize mono
Mono path[0] = 'C:/Program Files/Unity/Hub/Editor/2020.2.1f1/Editor/Data/Managed'
Mono path[1] = 'C:/Program Files/Unity/Hub/Editor/2020.2.1f1/Editor/Data/MonoBleedingEdge/lib/mono/unityjit'
Mono config path = 'C:/Program Files/Unity/Hub/Editor/2020.2.1f1/Editor/Data/MonoBleedingEdge/etc'
Using monoOptions --debugger-agent=transport=dt_socket,embedding=1,server=y,suspend=n,address=127.0.0.1:56836
Begin MonoManager ReloadAssembly
Registering precompiled unity dll's ...
Register platform support module: C:/Program Files/Unity/Hub/Editor/2020.2.1f1/Editor/Data/PlaybackEngines/WebGLSupport/UnityEditor.WebGL.Extensions.dll
Register platform support module: C:/Program Files/Unity/Hub/Editor/2020.2.1f1/Editor/Data/PlaybackEngines/WindowsStandaloneSupport/UnityEditor.WindowsStandalone.Extensions.dll
Registered in 0.121107 seconds.
Native extension for WindowsStandalone target not found
Native extension for WebGL target not found
Refreshing native plugins compatible for Editor in 32.87 ms, found 0 plugins.
Preloading 0 native plugins for Editor in 0.00 ms.
Invoked RoslynAnalysisRunner static constructor.
RoslynAnalysisRunner will not be running.
RoslynAnalysisRunner has terminated.
Mono: successfully reloaded assembly
- Completed reload, in  4.290 seconds
Platform modules already initialized, skipping
Registering precompiled user dll's ...
Registered in 0.060338 seconds.
Begin MonoManager ReloadAssembly
Native extension for WindowsStandalone target not found
Native extension for WebGL target not found
Refreshing native plugins compatible for Editor in 0.27 ms, found 0 plugins.
Preloading 0 native plugins for Editor in 0.00 ms.
Invoked RoslynAnalysisRunner static constructor.
RoslynAnalysisRunner will not be running.
RoslynAnalysisRunner has terminated.
Mono: successfully reloaded assembly
- Completed reload, in  1.396 seconds
Platform modules already initialized, skipping
========================================================================
Worker process is ready to serve import requests
Launched and connected shader compiler UnityShaderCompiler.exe after 0.41 seconds
Refreshing native plugins compatible for Editor in 0.31 ms, found 0 plugins.
Preloading 0 native plugins for Editor in 0.00 ms.
Unloading 1127 Unused Serialized files (Serialized files now loaded: 0)
System memory in use before: 59.3 MB.
System memory in use after: 59.3 MB.

Unloading 9 unused Assets to reduce memory usage. Loaded Objects now: 1576.
Total: 2.185100 ms (FindLiveObjects: 0.183600 ms CreateObjectMapping: 0.124400 ms MarkObjects: 1.783000 ms  DeleteObjects: 0.092200 ms)

========================================================================
Received Import Request.
  path: Assets/Assets/Environment/Castle/Interior
  artifactKey: Guid(b499e7d0c346ed146bf6d0fb299e1a49) Importer(815301076,1909f56bfc062723c751e8b465ee728b)
Start importing Assets/Assets/Environment/Castle/Interior using Guid(b499e7d0c346ed146bf6d0fb299e1a49) Importer(815301076,1909f56bfc062723c751e8b465ee728b)  -> (artifact id: 'c873b468097602dfcdab0dcab18045d0') in 0.072827 seconds
  Import took 0.075148 seconds .

========================================================================
Received Prepare
Registering precompiled user dll's ...
Registered in 0.000829 seconds.
Begin MonoManager ReloadAssembly
Native extension for WindowsStandalone target not found
Native extension for WebGL target not found
Refreshing native plugins compatible for Editor in 0.24 ms, found 0 plugins.
Preloading 0 native plugins for Editor in 0.00 ms.
Invoked RoslynAnalysisRunner static constructor.
RoslynAnalysisRunner will not be running.
RoslynAnalysisRunner has terminated.
Mono: successfully reloaded assembly
- Completed reload, in  1.300 seconds
Platform modules already initialized, skipping
Refreshing native plugins compatible for Editor in 0.28 ms, found 0 plugins.
Preloading 0 native plugins for Editor in 0.00 ms.
Unloading 1122 Unused Serialized files (Serialized files now loaded: 0)
System memory in use before: 59.3 MB.
System memory in use after: 59.4 MB.

Unloading 5 unused Assets to reduce memory usage. Loaded Objects now: 1578.
Total: 2.050400 ms (FindLiveObjects: 0.166700 ms CreateObjectMapping: 0.045000 ms MarkObjects: 1.777600 ms  DeleteObjects: 0.059500 ms)

========================================================================
Received Prepare
Registering precompiled user dll's ...
Registered in 0.002724 seconds.
Begin MonoManager ReloadAssembly
Native extension for WindowsStandalone target not found
Native extension for WebGL target not found
Refreshing native plugins compatible for Editor in 1.22 ms, found 0 plugins.
Preloading 0 native plugins for Editor in 0.00 ms.
Invoked RoslynAnalysisRunner static constructor.
RoslynAnalysisRunner will not be running.
RoslynAnalysisRunner has terminated.
Mono: successfully reloaded assembly
- Completed reload, in  3.437 seconds
Platform modules already initialized, skipping
Refreshing native plugins compatible for Editor in 0.27 ms, found 0 plugins.
Preloading 0 native plugins for Editor in 0.00 ms.
Unloading 1122 Unused Serialized files (Serialized files now loaded: 0)
System memory in use before: 60.4 MB.
System memory in use after: 60.4 MB.

Unloading 5 unused Assets to reduce memory usage. Loaded Objects now: 1580.
Total: 2.051100 ms (FindLiveObjects: 0.216000 ms CreateObjectMapping: 0.125600 ms MarkObjects: 1.650000 ms  DeleteObjects: 0.057500 ms)

========================================================================
Received Prepare
Registering precompiled user dll's ...
Registered in 0.002903 seconds.
Begin MonoManager ReloadAssembly
Native extension for WindowsStandalone target not found
Native extension for WebGL target not found
Refreshing native plugins compatible for Editor in 0.26 ms, found 0 plugins.
Preloading 0 native plugins for Editor in 0.00 ms.
Invoked RoslynAnalysisRunner static constructor.
RoslynAnalysisRunner will not be running.
RoslynAnalysisRunner has terminated.
Mono: successfully reloaded assembly
- Completed reload, in  2.749 seconds
Platform modules already initialized, skipping
Refreshing native plugins compatible for Editor in 0.62 ms, found 0 plugins.
Preloading 0 native plugins for Editor in 0.00 ms.
Unloading 1122 Unused Serialized files (Serialized files now loaded: 0)
System memory in use before: 60.4 MB.
System memory in use after: 60.5 MB.

Unloading 5 unused Assets to reduce memory usage. Loaded Objects now: 1582.
Total: 1.919200 ms (FindLiveObjects: 0.178800 ms CreateObjectMapping: 0.050500 ms MarkObjects: 1.635500 ms  DeleteObjects: 0.052800 ms)

========================================================================
Received Prepare
Registering precompiled user dll's ...
Registered in 0.000817 seconds.
Begin MonoManager ReloadAssembly
Native extension for WindowsStandalone target not found
Native extension for WebGL target not found
Refreshing native plugins compatible for Editor in 0.25 ms, found 0 plugins.
Preloading 0 native plugins for Editor in 0.00 ms.
Invoked RoslynAnalysisRunner static constructor.
RoslynAnalysisRunner will not be running.
RoslynAnalysisRunner has terminated.
Mono: successfully reloaded assembly
- Completed reload, in  1.728 seconds
Platform modules already initialized, skipping
Refreshing native plugins compatible for Editor in 0.23 ms, found 0 plugins.
Preloading 0 native plugins for Editor in 0.00 ms.
Unloading 1122 Unused Serialized files (Serialized files now loaded: 0)
System memory in use before: 60.4 MB.
System memory in use after: 60.5 MB.

Unloading 5 unused Assets to reduce memory usage. Loaded Objects now: 1584.
Total: 2.015500 ms (FindLiveObjects: 0.140600 ms CreateObjectMapping: 0.038600 ms MarkObjects: 1.788600 ms  DeleteObjects: 0.046500 ms)

========================================================================
Received Prepare
Registering precompiled user dll's ...
Registered in 0.002584 seconds.
Begin MonoManager ReloadAssembly
Native extension for WindowsStandalone target not found
Native extension for WebGL target not found
Refreshing native plugins compatible for Editor in 0.34 ms, found 0 plugins.
Preloading 0 native plugins for Editor in 0.00 ms.
Invoked RoslynAnalysisRunner static constructor.
RoslynAnalysisRunner will not be running.
RoslynAnalysisRunner has terminated.
Mono: successfully reloaded assembly
- Completed reload, in  4.087 seconds
Platform modules already initialized, skipping
Refreshing native plugins compatible for Editor in 0.28 ms, found 0 plugins.
Preloading 0 native plugins for Editor in 0.00 ms.
Unloading 1122 Unused Serialized files (Serialized files now loaded: 0)
System memory in use before: 60.4 MB.
System memory in use after: 60.5 MB.

Unloading 5 unused Assets to reduce memory usage. Loaded Objects now: 1586.
Total: 2.914600 ms (FindLiveObjects: 0.211200 ms CreateObjectMapping: 0.338800 ms MarkObjects: 2.276900 ms  DeleteObjects: 0.085700 ms)

========================================================================
Received Prepare
Registering precompiled user dll's ...
Registered in 0.001612 seconds.
Begin MonoManager ReloadAssembly
Native extension for WindowsStandalone target not found
Native extension for WebGL target not found
Refreshing native plugins compatible for Editor in 0.24 ms, found 0 plugins.
Preloading 0 native plugins for Editor in 0.00 ms.
Invoked RoslynAnalysisRunner static constructor.
RoslynAnalysisRunner will not be running.
RoslynAnalysisRunner has terminated.
Mono: successfully reloaded assembly
- Completed reload, in  3.081 seconds
Platform modules already initialized, skipping
Refreshing native plugins compatible for Editor in 0.39 ms, found 0 plugins.
Preloading 0 native plugins for Editor in 0.00 ms.
Unloading 1122 Unused Serialized files (Serialized files now loaded: 0)
System memory in use before: 60.4 MB.
System memory in use after: 60.5 MB.

Unloading 5 unused Assets to reduce memory usage. Loaded Objects now: 1588.
Total: 2.190200 ms (FindLiveObjects: 0.238100 ms CreateObjectMapping: 0.069700 ms MarkObjects: 1.824000 ms  DeleteObjects: 0.056500 ms)

========================================================================
Received Import Request.
  Time since last request: 2944.232090 seconds.
  path: Assets/Scripts/PlayerSpellSwitches.cs
  artifactKey: Guid(fbbfe19024e428b49aa24703a29bc986) Importer(815301076,1909f56bfc062723c751e8b465ee728b)
Start importing Assets/Scripts/PlayerSpellSwitches.cs using Guid(fbbfe19024e428b49aa24703a29bc986) Importer(815301076,1909f56bfc062723c751e8b465ee728b)  -> (artifact id: '28c18193f556769cbbc9bbeaee97181c') in 0.189251 seconds
  Import took 0.192843 seconds .

========================================================================
Received Prepare
Registering precompiled user dll's ...
Registered in 0.001421 seconds.
Begin MonoManager ReloadAssembly
Native extension for WindowsStandalone target not found
Native extension for WebGL target not found
Refreshing native plugins compatible for Editor in 0.24 ms, found 0 plugins.
Preloading 0 native plugins for Editor in 0.00 ms.
Invoked RoslynAnalysisRunner static constructor.
RoslynAnalysisRunner will not be running.
RoslynAnalysisRunner has terminated.
Mono: successfully reloaded assembly
- Completed reload, in  1.385 seconds
Platform modules already initialized, skipping
Refreshing native plugins compatible for Editor in 0.24 ms, found 0 plugins.
Preloading 0 native plugins for Editor in 0.00 ms.
Unloading 1122 Unused Serialized files (Serialized files now loaded: 0)
System memory in use before: 60.4 MB.
System memory in use after: 60.5 MB.

Unloading 5 unused Assets to reduce memory usage. Loaded Objects now: 1590.
Total: 1.779200 ms (FindLiveObjects: 0.144700 ms CreateObjectMapping: 0.046800 ms MarkObjects: 1.533100 ms  DeleteObjects: 0.053200 ms)

========================================================================
Received Import Request.
  Time since last request: 208.098040 seconds.
  path: Assets/Prefabs/Light AOE.prefab
  artifactKey: Guid(894f0fbcb1931f54e8352b077f5dabd3) Importer(815301076,1909f56bfc062723c751e8b465ee728b)
Start importing Assets/Prefabs/Light AOE.prefab using Guid(894f0fbcb1931f54e8352b077f5dabd3) Importer(815301076,1909f56bfc062723c751e8b465ee728b)  -> (artifact id: 'c54fa9e0d130ebe818b87ba7f3649e3a') in 0.143804 seconds
  Import took 0.149664 seconds .

========================================================================
Received Import Request.
  Time since last request: 1.941439 seconds.
  path: Assets/Prefabs/Light AOE.prefab
  artifactKey: Guid(894f0fbcb1931f54e8352b077f5dabd3) Importer(815301076,1909f56bfc062723c751e8b465ee728b)
Start importing Assets/Prefabs/Light AOE.prefab using Guid(894f0fbcb1931f54e8352b077f5dabd3) Importer(815301076,1909f56bfc062723c751e8b465ee728b)  -> (artifact id: 'c20c752c1f2b19c006483afa24648428') in 0.019802 seconds
  Import took 0.025142 seconds .

========================================================================
Received Prepare
Registering precompiled user dll's ...
Registered in 0.001376 seconds.
Begin MonoManager ReloadAssembly
Native extension for WindowsStandalone target not found
Native extension for WebGL target not found
Refreshing native plugins compatible for Editor in 0.24 ms, found 0 plugins.
Preloading 0 native plugins for Editor in 0.00 ms.
Invoked RoslynAnalysisRunner static constructor.
RoslynAnalysisRunner will not be running.
RoslynAnalysisRunner has terminated.
Mono: successfully reloaded assembly
- Completed reload, in  2.082 seconds
Platform modules already initialized, skipping
Refreshing native plugins compatible for Editor in 0.25 ms, found 0 plugins.
Preloading 0 native plugins for Editor in 0.00 ms.
Unloading 1122 Unused Serialized files (Serialized files now loaded: 0)
System memory in use before: 60.4 MB.
System memory in use after: 60.5 MB.

Unloading 5 unused Assets to reduce memory usage. Loaded Objects now: 1592.
Total: 3.239500 ms (FindLiveObjects: 1.634500 ms CreateObjectMapping: 0.077400 ms MarkObjects: 1.476200 ms  DeleteObjects: 0.049900 ms)

========================================================================
Received Import Request.
  Time since last request: 25.630789 seconds.
  path: Assets/Prefabs/Light AOE.prefab
  artifactKey: Guid(894f0fbcb1931f54e8352b077f5dabd3) Importer(815301076,1909f56bfc062723c751e8b465ee728b)
Start importing Assets/Prefabs/Light AOE.prefab using Guid(894f0fbcb1931f54e8352b077f5dabd3) Importer(815301076,1909f56bfc062723c751e8b465ee728b)  -> (artifact id: '6ae3a338cf8f2b8b341b188f7bd2afa9') in 0.048933 seconds
  Import took 0.051974 seconds .

========================================================================
Received Prepare
Registering precompiled user dll's ...
Registered in 0.000917 seconds.
Begin MonoManager ReloadAssembly
Native extension for WindowsStandalone target not found
Native extension for WebGL target not found
Refreshing native plugins compatible for Editor in 0.25 ms, found 0 plugins.
Preloading 0 native plugins for Editor in 0.00 ms.
Invoked RoslynAnalysisRunner static constructor.
RoslynAnalysisRunner will not be running.
RoslynAnalysisRunner has terminated.
Mono: successfully reloaded assembly
- Completed reload, in  1.611 seconds
Platform modules already initialized, skipping
Refreshing native plugins compatible for Editor in 0.23 ms, found 0 plugins.
Preloading 0 native plugins for Editor in 0.00 ms.
Unloading 1122 Unused Serialized files (Serialized files now loaded: 0)
System memory in use before: 60.4 MB.
System memory in use after: 60.4 MB.

Unloading 5 unused Assets to reduce memory usage. Loaded Objects now: 1594.
Total: 2.342000 ms (FindLiveObjects: 0.138900 ms CreateObjectMapping: 0.041700 ms MarkObjects: 2.105600 ms  DeleteObjects: 0.054300 ms)

========================================================================
Received Prepare
Registering precompiled user dll's ...
Registered in 0.001301 seconds.
Begin MonoManager ReloadAssembly
Native extension for WindowsStandalone target not found
Native extension for WebGL target not found
Refreshing native plugins compatible for Editor in 0.32 ms, found 0 plugins.
Preloading 0 native plugins for Editor in 0.00 ms.
Invoked RoslynAnalysisRunner static constructor.
RoslynAnalysisRunner will not be running.
RoslynAnalysisRunner has terminated.
Mono: successfully reloaded assembly
- Completed reload, in  3.147 seconds
Platform modules already initialized, skipping
Refreshing native plugins compatible for Editor in 0.48 ms, found 0 plugins.
Preloading 0 native plugins for Editor in 0.00 ms.
Unloading 1122 Unused Serialized files (Serialized files now loaded: 0)
System memory in use before: 60.4 MB.
System memory in use after: 60.5 MB.

Unloading 5 unused Assets to reduce memory usage. Loaded Objects now: 1596.
Total: 15.547700 ms (FindLiveObjects: 0.312700 ms CreateObjectMapping: 0.937900 ms MarkObjects: 13.226600 ms  DeleteObjects: 0.086200 ms)

========================================================================
Received Import Request.
  Time since last request: 34.849843 seconds.
  path: Assets/Prefabs/Light AOE.prefab
  artifactKey: Guid(894f0fbcb1931f54e8352b077f5dabd3) Importer(815301076,1909f56bfc062723c751e8b465ee728b)
Start importing Assets/Prefabs/Light AOE.prefab using Guid(894f0fbcb1931f54e8352b077f5dabd3) Importer(815301076,1909f56bfc062723c751e8b465ee728b)  -> (artifact id: '4e673465c99ade630bb411976781ebb8') in 0.066497 seconds
  Import took 0.074443 seconds .

========================================================================
Received Import Request.
  Time since last request: 9.347490 seconds.
  path: Assets/Prefabs/Light AOE.prefab
  artifactKey: Guid(894f0fbcb1931f54e8352b077f5dabd3) Importer(815301076,1909f56bfc062723c751e8b465ee728b)
Start importing Assets/Prefabs/Light AOE.prefab using Guid(894f0fbcb1931f54e8352b077f5dabd3) Importer(815301076,1909f56bfc062723c751e8b465ee728b)  -> (artifact id: '5ef4f2a30e8c135e8a888573ee246188') in 0.049783 seconds
  Import took 0.054629 seconds .

========================================================================
Received Import Request.
  Time since last request: 8.780812 seconds.
  path: Assets/Prefabs/Light AOE.prefab
  artifactKey: Guid(894f0fbcb1931f54e8352b077f5dabd3) Importer(815301076,1909f56bfc062723c751e8b465ee728b)
Start importing Assets/Prefabs/Light AOE.prefab using Guid(894f0fbcb1931f54e8352b077f5dabd3) Importer(815301076,1909f56bfc062723c751e8b465ee728b)  -> (artifact id: 'c3b60cb81d1be19d80afb7d7d1a2b8d2') in 0.052827 seconds
  Import took 0.059253 seconds .

========================================================================
Received Import Request.
  Time since last request: 17.246355 seconds.
  path: Assets/Prefabs/Light AOE.prefab
  artifactKey: Guid(894f0fbcb1931f54e8352b077f5dabd3) Importer(815301076,1909f56bfc062723c751e8b465ee728b)
Start importing Assets/Prefabs/Light AOE.prefab using Guid(894f0fbcb1931f54e8352b077f5dabd3) Importer(815301076,1909f56bfc062723c751e8b465ee728b)  -> (artifact id: 'ac6d074e6acd39f44857b4519f117216') in 0.034082 seconds
  Import took 0.036859 seconds .

========================================================================
Received Prepare
Registering precompiled user dll's ...
Registered in 0.002053 seconds.
Begin MonoManager ReloadAssembly
Native extension for WindowsStandalone target not found
Native extension for WebGL target not found
Refreshing native plugins compatible for Editor in 0.27 ms, found 0 plugins.
Preloading 0 native plugins for Editor in 0.00 ms.
Invoked RoslynAnalysisRunner static constructor.
RoslynAnalysisRunner will not be running.
RoslynAnalysisRunner has terminated.
Mono: successfully reloaded assembly
- Completed reload, in  4.338 seconds
Platform modules already initialized, skipping
Refreshing native plugins compatible for Editor in 1.67 ms, found 0 plugins.
Preloading 0 native plugins for Editor in 0.00 ms.
Unloading 1122 Unused Serialized files (Serialized files now loaded: 0)
System memory in use before: 60.4 MB.
System memory in use after: 60.5 MB.

Unloading 5 unused Assets to reduce memory usage. Loaded Objects now: 1598.
Total: 3.830500 ms (FindLiveObjects: 0.172800 ms CreateObjectMapping: 0.054800 ms MarkObjects: 3.535100 ms  DeleteObjects: 0.065900 ms)

========================================================================
Received Import Request.
  Time since last request: 20.569394 seconds.
  path: Assets/Prefabs/Light AOE.prefab
  artifactKey: Guid(894f0fbcb1931f54e8352b077f5dabd3) Importer(815301076,1909f56bfc062723c751e8b465ee728b)
Start importing Assets/Prefabs/Light AOE.prefab using Guid(894f0fbcb1931f54e8352b077f5dabd3) Importer(815301076,1909f56bfc062723c751e8b465ee728b)  -> (artifact id: '336d9a50960817c3800ebf425c439ea8') in 0.098458 seconds
  Import took 0.104451 seconds .

========================================================================
Received Prepare
Registering precompiled user dll's ...
Registered in 0.001262 seconds.
Begin MonoManager ReloadAssembly
Native extension for WindowsStandalone target not found
Native extension for WebGL target not found
Refreshing native plugins compatible for Editor in 12.20 ms, found 0 plugins.
Preloading 0 native plugins for Editor in 0.00 ms.
Invoked RoslynAnalysisRunner static constructor.
RoslynAnalysisRunner will not be running.
RoslynAnalysisRunner has terminated.
Mono: successfully reloaded assembly
- Completed reload, in  4.396 seconds
Platform modules already initialized, skipping
Refreshing native plugins compatible for Editor in 0.25 ms, found 0 plugins.
Preloading 0 native plugins for Editor in 0.00 ms.
Unloading 1122 Unused Serialized files (Serialized files now loaded: 0)
System memory in use before: 60.4 MB.
System memory in use after: 60.5 MB.

Unloading 5 unused Assets to reduce memory usage. Loaded Objects now: 1600.
Total: 4.635800 ms (FindLiveObjects: 0.295000 ms CreateObjectMapping: 0.074300 ms MarkObjects: 4.210800 ms  DeleteObjects: 0.052900 ms)

========================================================================
Received Import Request.
  Time since last request: 57.443496 seconds.
  path: Assets/Prefabs/Light AOE.prefab
  artifactKey: Guid(894f0fbcb1931f54e8352b077f5dabd3) Importer(815301076,1909f56bfc062723c751e8b465ee728b)
Start importing Assets/Prefabs/Light AOE.prefab using Guid(894f0fbcb1931f54e8352b077f5dabd3) Importer(815301076,1909f56bfc062723c751e8b465ee728b)  -> (artifact id: '0cdec08bf34b1f89c70ad77575eb968f') in 0.355229 seconds
  Import took 0.373542 seconds .

========================================================================
Received Import Request.
  Time since last request: 5.816304 seconds.
  path: Assets/Prefabs/Light AOE.prefab
  artifactKey: Guid(894f0fbcb1931f54e8352b077f5dabd3) Importer(815301076,1909f56bfc062723c751e8b465ee728b)
Start importing Assets/Prefabs/Light AOE.prefab using Guid(894f0fbcb1931f54e8352b077f5dabd3) Importer(815301076,1909f56bfc062723c751e8b465ee728b)  -> (artifact id: 'd9247467bf4ad85a60c2c450cede3529') in 0.046511 seconds
  Import took 0.056859 seconds .

========================================================================
Received Prepare
Registering precompiled user dll's ...
Registered in 0.010446 seconds.
Begin MonoManager ReloadAssembly
Native extension for WindowsStandalone target not found
Native extension for WebGL target not found
Refreshing native plugins compatible for Editor in 0.48 ms, found 0 plugins.
Preloading 0 native plugins for Editor in 0.00 ms.
Invoked RoslynAnalysisRunner static constructor.
RoslynAnalysisRunner will not be running.
RoslynAnalysisRunner has terminated.
Mono: successfully reloaded assembly
- Completed reload, in  4.459 seconds
Platform modules already initialized, skipping
Refreshing native plugins compatible for Editor in 0.40 ms, found 0 plugins.
Preloading 0 native plugins for Editor in 0.00 ms.
Unloading 1122 Unused Serialized files (Serialized files now loaded: 0)
System memory in use before: 60.4 MB.
System memory in use after: 60.5 MB.

Unloading 5 unused Assets to reduce memory usage. Loaded Objects now: 1602.
Total: 30.814500 ms (FindLiveObjects: 0.418300 ms CreateObjectMapping: 0.195900 ms MarkObjects: 30.030100 ms  DeleteObjects: 0.167800 ms)

========================================================================
Received Import Request.
  Time since last request: 50.452355 seconds.
  path: Assets/Prefabs/Light AOE.prefab
  artifactKey: Guid(894f0fbcb1931f54e8352b077f5dabd3) Importer(815301076,1909f56bfc062723c751e8b465ee728b)
Start importing Assets/Prefabs/Light AOE.prefab using Guid(894f0fbcb1931f54e8352b077f5dabd3) Importer(815301076,1909f56bfc062723c751e8b465ee728b)  -> (artifact id: '8ec4128737f79202d0bafb924f2ff3ad') in 0.392846 seconds
  Import took 0.427631 seconds .

========================================================================
Received Import Request.
  Time since last request: 5.018940 seconds.
  path: Assets/Prefabs/Light AOE.prefab
  artifactKey: Guid(894f0fbcb1931f54e8352b077f5dabd3) Importer(815301076,1909f56bfc062723c751e8b465ee728b)
Start importing Assets/Prefabs/Light AOE.prefab using Guid(894f0fbcb1931f54e8352b077f5dabd3) Importer(815301076,1909f56bfc062723c751e8b465ee728b)  -> (artifact id: 'cbf08569135fcc209b8b9d727743e086') in 0.061789 seconds
  Import took 0.068942 seconds .

========================================================================
Received Import Request.
  Time since last request: 9.882228 seconds.
  path: Assets/Prefabs/Light AOE.prefab
  artifactKey: Guid(894f0fbcb1931f54e8352b077f5dabd3) Importer(815301076,1909f56bfc062723c751e8b465ee728b)
Start importing Assets/Prefabs/Light AOE.prefab using Guid(894f0fbcb1931f54e8352b077f5dabd3) Importer(815301076,1909f56bfc062723c751e8b465ee728b)  -> (artifact id: '7594efa68b95253c1e02fe102f01b282') in 0.039411 seconds
  Import took 0.046004 seconds .

========================================================================
Received Import Request.
  Time since last request: 23.647710 seconds.
  path: Assets/Prefabs/Light AOE.prefab
  artifactKey: Guid(894f0fbcb1931f54e8352b077f5dabd3) Importer(815301076,1909f56bfc062723c751e8b465ee728b)
Start importing Assets/Prefabs/Light AOE.prefab using Guid(894f0fbcb1931f54e8352b077f5dabd3) Importer(815301076,1909f56bfc062723c751e8b465ee728b)  -> (artifact id: '14354edb52f05f1b9ac30354dfe22070') in 0.032760 seconds
  Import took 0.036295 seconds .

========================================================================
Received Import Request.
  Time since last request: 15.978227 seconds.
  path: Assets/Prefabs/Light AOE.prefab
  artifactKey: Guid(894f0fbcb1931f54e8352b077f5dabd3) Importer(815301076,1909f56bfc062723c751e8b465ee728b)
Start importing Assets/Prefabs/Light AOE.prefab using Guid(894f0fbcb1931f54e8352b077f5dabd3) Importer(815301076,1909f56bfc062723c751e8b465ee728b)  -> (artifact id: 'e49f42f371f2617285504f5bf5abffa3') in 0.032157 seconds
  Import took 0.035344 seconds .

========================================================================
Received Import Request.
  Time since last request: 1.305212 seconds.
  path: Assets/Prefabs/Light AOE.prefab
  artifactKey: Guid(894f0fbcb1931f54e8352b077f5dabd3) Importer(815301076,1909f56bfc062723c751e8b465ee728b)
Start importing Assets/Prefabs/Light AOE.prefab using Guid(894f0fbcb1931f54e8352b077f5dabd3) Importer(815301076,1909f56bfc062723c751e8b465ee728b)  -> (artifact id: 'c16f590635fc52d827317b1bb244546a') in 0.035150 seconds
  Import took 0.042597 seconds .

========================================================================
Received Import Request.
  Time since last request: 6.788498 seconds.
  path: Assets/Prefabs/Light AOE.prefab
  artifactKey: Guid(894f0fbcb1931f54e8352b077f5dabd3) Importer(815301076,1909f56bfc062723c751e8b465ee728b)
Start importing Assets/Prefabs/Light AOE.prefab using Guid(894f0fbcb1931f54e8352b077f5dabd3) Importer(815301076,1909f56bfc062723c751e8b465ee728b)  -> (artifact id: 'cbd4bd8ee73be022916f5f0ed3b97c90') in 0.084114 seconds
  Import took 0.096911 seconds .

========================================================================
Received Import Request.
  Time since last request: 13.275741 seconds.
  path: Assets/Prefabs/Light AOE.prefab
  artifactKey: Guid(894f0fbcb1931f54e8352b077f5dabd3) Importer(815301076,1909f56bfc062723c751e8b465ee728b)
Start importing Assets/Prefabs/Light AOE.prefab using Guid(894f0fbcb1931f54e8352b077f5dabd3) Importer(815301076,1909f56bfc062723c751e8b465ee728b)  -> (artifact id: 'f581be36be4aa51ee7d2aafdc6db9b78') in 0.095395 seconds
  Import took 0.103430 seconds .

========================================================================
Received Import Request.
  Time since last request: 51.990962 seconds.
  path: Assets/Prefabs/Light AOE.prefab
  artifactKey: Guid(894f0fbcb1931f54e8352b077f5dabd3) Importer(815301076,1909f56bfc062723c751e8b465ee728b)
Start importing Assets/Prefabs/Light AOE.prefab using Guid(894f0fbcb1931f54e8352b077f5dabd3) Importer(815301076,1909f56bfc062723c751e8b465ee728b)  -> (artifact id: 'd27da50a28ddd59c33369321a3d0a9db') in 0.079139 seconds
  Import took 0.101043 seconds .

========================================================================
Received Import Request.
  Time since last request: 14.610550 seconds.
  path: Assets/Prefabs/Light AOE.prefab
  artifactKey: Guid(894f0fbcb1931f54e8352b077f5dabd3) Importer(815301076,1909f56bfc062723c751e8b465ee728b)
Start importing Assets/Prefabs/Light AOE.prefab using Guid(894f0fbcb1931f54e8352b077f5dabd3) Importer(815301076,1909f56bfc062723c751e8b465ee728b)  -> (artifact id: '845be3d05f681dda237d7fa9919abf52') in 0.012544 seconds
  Import took 0.015966 seconds .

========================================================================
Received Prepare
Registering precompiled user dll's ...
Registered in 0.002021 seconds.
Begin MonoManager ReloadAssembly
Native extension for WindowsStandalone target not found
Native extension for WebGL target not found
Refreshing native plugins compatible for Editor in 0.34 ms, found 0 plugins.
Preloading 0 native plugins for Editor in 0.00 ms.
Invoked RoslynAnalysisRunner static constructor.
RoslynAnalysisRunner will not be running.
RoslynAnalysisRunner has terminated.
Mono: successfully reloaded assembly
- Completed reload, in  1.676 seconds
Platform modules already initialized, skipping
Refreshing native plugins compatible for Editor in 0.24 ms, found 0 plugins.
Preloading 0 native plugins for Editor in 0.00 ms.
Unloading 1122 Unused Serialized files (Serialized files now loaded: 0)
System memory in use before: 60.4 MB.
System memory in use after: 60.5 MB.

Unloading 5 unused Assets to reduce memory usage. Loaded Objects now: 1604.
Total: 1.973100 ms (FindLiveObjects: 0.151900 ms CreateObjectMapping: 0.043200 ms MarkObjects: 1.723500 ms  DeleteObjects: 0.052900 ms)

========================================================================
Received Import Request.
  Time since last request: 26.284025 seconds.
  path: Assets/Prefabs/Light AOE.prefab
  artifactKey: Guid(894f0fbcb1931f54e8352b077f5dabd3) Importer(815301076,1909f56bfc062723c751e8b465ee728b)
Start importing Assets/Prefabs/Light AOE.prefab using Guid(894f0fbcb1931f54e8352b077f5dabd3) Importer(815301076,1909f56bfc062723c751e8b465ee728b)  -> (artifact id: 'f916850113739cceae4dddbda9631e12') in 0.052414 seconds
  Import took 0.054848 seconds .

========================================================================
Received Import Request.
  Time since last request: 1.245387 seconds.
  path: Assets/Prefabs/Light AOE.prefab
  artifactKey: Guid(894f0fbcb1931f54e8352b077f5dabd3) Importer(815301076,1909f56bfc062723c751e8b465ee728b)
Start importing Assets/Prefabs/Light AOE.prefab using Guid(894f0fbcb1931f54e8352b077f5dabd3) Importer(815301076,1909f56bfc062723c751e8b465ee728b)  -> (artifact id: 'f916850113739cceae4dddbda9631e12') in 0.052195 seconds
  Import took 0.054933 seconds .

========================================================================
Received Prepare
Registering precompiled user dll's ...
Registered in 0.004211 seconds.
Begin MonoManager ReloadAssembly
Native extension for WindowsStandalone target not found
Native extension for WebGL target not found
Refreshing native plugins compatible for Editor in 0.30 ms, found 0 plugins.
Preloading 0 native plugins for Editor in 0.00 ms.
Invoked RoslynAnalysisRunner static constructor.
RoslynAnalysisRunner will not be running.
RoslynAnalysisRunner has terminated.
Mono: successfully reloaded assembly
- Completed reload, in  3.520 seconds
Platform modules already initialized, skipping
Refreshing native plugins compatible for Editor in 0.29 ms, found 0 plugins.
Preloading 0 native plugins for Editor in 0.00 ms.
Unloading 1122 Unused Serialized files (Serialized files now loaded: 0)
System memory in use before: 60.5 MB.
System memory in use after: 60.5 MB.

Unloading 5 unused Assets to reduce memory usage. Loaded Objects now: 1606.
Total: 2.657800 ms (FindLiveObjects: 0.144200 ms CreateObjectMapping: 0.041400 ms MarkObjects: 2.415400 ms  DeleteObjects: 0.055400 ms)

========================================================================
Received Import Request.
  Time since last request: 21.291873 seconds.
  path: Assets/Prefabs/Light AOE.prefab
  artifactKey: Guid(894f0fbcb1931f54e8352b077f5dabd3) Importer(815301076,1909f56bfc062723c751e8b465ee728b)
Start importing Assets/Prefabs/Light AOE.prefab using Guid(894f0fbcb1931f54e8352b077f5dabd3) Importer(815301076,1909f56bfc062723c751e8b465ee728b)  -> (artifact id: 'f84c8f617626914c9a6061fed6f5254f') in 0.069177 seconds
  Import took 0.071858 seconds .

========================================================================
Received Import Request.
  Time since last request: 9.607686 seconds.
  path: Assets/Prefabs/Light AOE.prefab
  artifactKey: Guid(894f0fbcb1931f54e8352b077f5dabd3) Importer(815301076,1909f56bfc062723c751e8b465ee728b)
Start importing Assets/Prefabs/Light AOE.prefab using Guid(894f0fbcb1931f54e8352b077f5dabd3) Importer(815301076,1909f56bfc062723c751e8b465ee728b)  -> (artifact id: 'cbdaf3b18758740d8abfe4a2c587cee8') in 0.023580 seconds
  Import took 0.027889 seconds .

========================================================================
Received Import Request.
  Time since last request: 5.661373 seconds.
  path: Assets/Prefabs/Light AOE.prefab
  artifactKey: Guid(894f0fbcb1931f54e8352b077f5dabd3) Importer(815301076,1909f56bfc062723c751e8b465ee728b)
Start importing Assets/Prefabs/Light AOE.prefab using Guid(894f0fbcb1931f54e8352b077f5dabd3) Importer(815301076,1909f56bfc062723c751e8b465ee728b)  -> (artifact id: '6ba9e7b2052280d058ccaba1769d0d51') in 0.012594 seconds
  Import took 0.015729 seconds .

========================================================================
Received Prepare
Registering precompiled user dll's ...
Registered in 0.001439 seconds.
Begin MonoManager ReloadAssembly
Native extension for WindowsStandalone target not found
Native extension for WebGL target not found
Refreshing native plugins compatible for Editor in 0.26 ms, found 0 plugins.
Preloading 0 native plugins for Editor in 0.00 ms.
Invoked RoslynAnalysisRunner static constructor.
RoslynAnalysisRunner will not be running.
RoslynAnalysisRunner has terminated.
Mono: successfully reloaded assembly
- Completed reload, in  3.594 seconds
Platform modules already initialized, skipping
Refreshing native plugins compatible for Editor in 0.30 ms, found 0 plugins.
Preloading 0 native plugins for Editor in 0.00 ms.
Unloading 1122 Unused Serialized files (Serialized files now loaded: 0)
System memory in use before: 60.5 MB.
System memory in use after: 60.5 MB.

Unloading 5 unused Assets to reduce memory usage. Loaded Objects now: 1608.
Total: 9.871500 ms (FindLiveObjects: 0.309200 ms CreateObjectMapping: 0.057400 ms MarkObjects: 9.167300 ms  DeleteObjects: 0.335900 ms)

========================================================================
Received Import Request.
  Time since last request: 14.005272 seconds.
  path: Assets/Prefabs/Light AOE.prefab
  artifactKey: Guid(894f0fbcb1931f54e8352b077f5dabd3) Importer(815301076,1909f56bfc062723c751e8b465ee728b)
Start importing Assets/Prefabs/Light AOE.prefab using Guid(894f0fbcb1931f54e8352b077f5dabd3) Importer(815301076,1909f56bfc062723c751e8b465ee728b)  -> (artifact id: '16ec373fa27f4d345deb99510f8c7fed') in 0.121178 seconds
  Import took 0.125445 seconds .

========================================================================
Received Import Request.
  Time since last request: 5.890873 seconds.
  path: Assets/Prefabs/Light AOE.prefab
  artifactKey: Guid(894f0fbcb1931f54e8352b077f5dabd3) Importer(815301076,1909f56bfc062723c751e8b465ee728b)
Start importing Assets/Prefabs/Light AOE.prefab using Guid(894f0fbcb1931f54e8352b077f5dabd3) Importer(815301076,1909f56bfc062723c751e8b465ee728b)  -> (artifact id: 'b76d915fc47de5003f2d6577ea77c07c') in 0.025674 seconds
  Import took 0.028135 seconds .

========================================================================
Received Import Request.
  Time since last request: 13.114865 seconds.
  path: Assets/Prefabs/Light AOE.prefab
  artifactKey: Guid(894f0fbcb1931f54e8352b077f5dabd3) Importer(815301076,1909f56bfc062723c751e8b465ee728b)
Start importing Assets/Prefabs/Light AOE.prefab using Guid(894f0fbcb1931f54e8352b077f5dabd3) Importer(815301076,1909f56bfc062723c751e8b465ee728b)  -> (artifact id: 'c9ae2ac031f11e2d1434747c19aeeb88') in 0.027048 seconds
  Import took 0.030055 seconds .

========================================================================
Received Import Request.
  Time since last request: 27.067131 seconds.
  path: Assets/Prefabs/Light AOE.prefab
  artifactKey: Guid(894f0fbcb1931f54e8352b077f5dabd3) Importer(815301076,1909f56bfc062723c751e8b465ee728b)
Start importing Assets/Prefabs/Light AOE.prefab using Guid(894f0fbcb1931f54e8352b077f5dabd3) Importer(815301076,1909f56bfc062723c751e8b465ee728b)  -> (artifact id: '6ce9f5874af2e5b02a7432f2119f02e7') in 0.042492 seconds
  Import took 0.046659 seconds .

========================================================================
Received Import Request.
  Time since last request: 12.098046 seconds.
  path: Assets/Prefabs/Light AOE.prefab
  artifactKey: Guid(894f0fbcb1931f54e8352b077f5dabd3) Importer(815301076,1909f56bfc062723c751e8b465ee728b)
Start importing Assets/Prefabs/Light AOE.prefab using Guid(894f0fbcb1931f54e8352b077f5dabd3) Importer(815301076,1909f56bfc062723c751e8b465ee728b)  -> (artifact id: 'fff8b9dda8b71f583421a70f4d68b516') in 0.022428 seconds
  Import took 0.024638 seconds .

========================================================================
Received Import Request.
  Time since last request: 36.539819 seconds.
  path: Assets/Prefabs/Light AOE.prefab
  artifactKey: Guid(894f0fbcb1931f54e8352b077f5dabd3) Importer(815301076,1909f56bfc062723c751e8b465ee728b)
Start importing Assets/Prefabs/Light AOE.prefab using Guid(894f0fbcb1931f54e8352b077f5dabd3) Importer(815301076,1909f56bfc062723c751e8b465ee728b)  -> (artifact id: '076207fffb36314b6197974166c42622') in 0.043177 seconds
  Import took 0.046411 seconds .

========================================================================
Received Import Request.
  Time since last request: 117.950251 seconds.
  path: Assets/Prefabs/Light AOE.prefab
  artifactKey: Guid(894f0fbcb1931f54e8352b077f5dabd3) Importer(815301076,1909f56bfc062723c751e8b465ee728b)
Start importing Assets/Prefabs/Light AOE.prefab using Guid(894f0fbcb1931f54e8352b077f5dabd3) Importer(815301076,1909f56bfc062723c751e8b465ee728b)  -> (artifact id: 'cf0ebb07ab75c05403da005a21271004') in 0.041607 seconds
  Import took 0.049742 seconds .

========================================================================
Received Import Request.
  Time since last request: 7.313614 seconds.
  path: Assets/Prefabs/Light AOE.prefab
  artifactKey: Guid(894f0fbcb1931f54e8352b077f5dabd3) Importer(815301076,1909f56bfc062723c751e8b465ee728b)
Start importing Assets/Prefabs/Light AOE.prefab using Guid(894f0fbcb1931f54e8352b077f5dabd3) Importer(815301076,1909f56bfc062723c751e8b465ee728b)  -> (artifact id: 'f0f6f17c42b012a462f7c1486cf41762') in 0.032368 seconds
  Import took 0.037069 seconds .

========================================================================
Received Prepare
Registering precompiled user dll's ...
Registered in 0.000842 seconds.
Begin MonoManager ReloadAssembly
Native extension for WindowsStandalone target not found
Native extension for WebGL target not found
Refreshing native plugins compatible for Editor in 0.64 ms, found 0 plugins.
Preloading 0 native plugins for Editor in 0.00 ms.
Invoked RoslynAnalysisRunner static constructor.
RoslynAnalysisRunner will not be running.
RoslynAnalysisRunner has terminated.
Mono: successfully reloaded assembly
- Completed reload, in  2.553 seconds
Platform modules already initialized, skipping
Refreshing native plugins compatible for Editor in 0.73 ms, found 0 plugins.
Preloading 0 native plugins for Editor in 0.00 ms.
Unloading 1122 Unused Serialized files (Serialized files now loaded: 0)
System memory in use before: 60.5 MB.
System memory in use after: 60.5 MB.

Unloading 5 unused Assets to reduce memory usage. Loaded Objects now: 1610.
Total: 33.124000 ms (FindLiveObjects: 2.826300 ms CreateObjectMapping: 0.123400 ms MarkObjects: 30.118100 ms  DeleteObjects: 0.053900 ms)

========================================================================
Received Import Request.
  Time since last request: 31.400785 seconds.
  path: Assets/Prefabs/Light AOE.prefab
  artifactKey: Guid(894f0fbcb1931f54e8352b077f5dabd3) Importer(815301076,1909f56bfc062723c751e8b465ee728b)
Start importing Assets/Prefabs/Light AOE.prefab using Guid(894f0fbcb1931f54e8352b077f5dabd3) Importer(815301076,1909f56bfc062723c751e8b465ee728b)  -> (artifact id: '82fbbfffbe60f74db8ba02b95d6484b3') in 0.115554 seconds
  Import took 0.120521 seconds .

========================================================================
Received Prepare
Registering precompiled user dll's ...
Registered in 0.001424 seconds.
Begin MonoManager ReloadAssembly
Native extension for WindowsStandalone target not found
Native extension for WebGL target not found
Refreshing native plugins compatible for Editor in 0.36 ms, found 0 plugins.
Preloading 0 native plugins for Editor in 0.00 ms.
Invoked RoslynAnalysisRunner static constructor.
RoslynAnalysisRunner will not be running.
RoslynAnalysisRunner has terminated.
Mono: successfully reloaded assembly
- Completed reload, in  1.332 seconds
Platform modules already initialized, skipping
Refreshing native plugins compatible for Editor in 0.30 ms, found 0 plugins.
Preloading 0 native plugins for Editor in 0.00 ms.
Unloading 1122 Unused Serialized files (Serialized files now loaded: 0)
System memory in use before: 60.5 MB.
System memory in use after: 60.6 MB.

Unloading 5 unused Assets to reduce memory usage. Loaded Objects now: 1612.
Total: 3.882600 ms (FindLiveObjects: 0.154200 ms CreateObjectMapping: 0.048600 ms MarkObjects: 3.596300 ms  DeleteObjects: 0.081800 ms)

========================================================================
Received Import Request.
  Time since last request: 3791.755161 seconds.
  path: Assets/Prefabs/Light AOE.prefab
  artifactKey: Guid(894f0fbcb1931f54e8352b077f5dabd3) Importer(815301076,1909f56bfc062723c751e8b465ee728b)
Start importing Assets/Prefabs/Light AOE.prefab using Guid(894f0fbcb1931f54e8352b077f5dabd3) Importer(815301076,1909f56bfc062723c751e8b465ee728b)  -> (artifact id: '2713b980e2adcb3aa02c4d636ab4863d') in 0.063095 seconds
  Import took 0.066714 seconds .

========================================================================
Received Prepare
Registering precompiled user dll's ...
Registered in 0.000826 seconds.
Begin MonoManager ReloadAssembly
Native extension for WindowsStandalone target not found
Native extension for WebGL target not found
Refreshing native plugins compatible for Editor in 0.29 ms, found 0 plugins.
Preloading 0 native plugins for Editor in 0.00 ms.
Invoked RoslynAnalysisRunner static constructor.
RoslynAnalysisRunner will not be running.
RoslynAnalysisRunner has terminated.
Mono: successfully reloaded assembly
- Completed reload, in  2.097 seconds
Platform modules already initialized, skipping
Refreshing native plugins compatible for Editor in 0.37 ms, found 0 plugins.
Preloading 0 native plugins for Editor in 0.00 ms.
Unloading 1122 Unused Serialized files (Serialized files now loaded: 0)
System memory in use before: 61.4 MB.
System memory in use after: 61.5 MB.

Unloading 5 unused Assets to reduce memory usage. Loaded Objects now: 1614.
Total: 2.465100 ms (FindLiveObjects: 0.268600 ms CreateObjectMapping: 0.054000 ms MarkObjects: 2.088200 ms  DeleteObjects: 0.052800 ms)

========================================================================
Received Import Request.
  Time since last request: 26.432828 seconds.
  path: Assets/Prefabs/Light AOE.prefab
  artifactKey: Guid(894f0fbcb1931f54e8352b077f5dabd3) Importer(815301076,1909f56bfc062723c751e8b465ee728b)
Start importing Assets/Prefabs/Light AOE.prefab using Guid(894f0fbcb1931f54e8352b077f5dabd3) Importer(815301076,1909f56bfc062723c751e8b465ee728b)  -> (artifact id: '3250b882dcd3b74e43c3bb9c32436ec7') in 0.045244 seconds
  Import took 0.047454 seconds .

========================================================================
Received Import Request.
  Time since last request: 1.693358 seconds.
  path: Assets/Prefabs/Light AOE.prefab
  artifactKey: Guid(894f0fbcb1931f54e8352b077f5dabd3) Importer(815301076,1909f56bfc062723c751e8b465ee728b)
Start importing Assets/Prefabs/Light AOE.prefab using Guid(894f0fbcb1931f54e8352b077f5dabd3) Importer(815301076,1909f56bfc062723c751e8b465ee728b)  -> (artifact id: '3250b882dcd3b74e43c3bb9c32436ec7') in 0.014113 seconds
  Import took 0.016469 seconds .

========================================================================
Received Prepare
Registering precompiled user dll's ...
Registered in 0.003046 seconds.
Begin MonoManager ReloadAssembly
Native extension for WindowsStandalone target not found
Native extension for WebGL target not found
Refreshing native plugins compatible for Editor in 0.23 ms, found 0 plugins.
Preloading 0 native plugins for Editor in 0.00 ms.
Invoked RoslynAnalysisRunner static constructor.
RoslynAnalysisRunner will not be running.
RoslynAnalysisRunner has terminated.
Mono: successfully reloaded assembly
- Completed reload, in  1.203 seconds
Platform modules already initialized, skipping
Refreshing native plugins compatible for Editor in 0.27 ms, found 0 plugins.
Preloading 0 native plugins for Editor in 0.00 ms.
Unloading 1122 Unused Serialized files (Serialized files now loaded: 0)
System memory in use before: 60.5 MB.
System memory in use after: 60.6 MB.

Unloading 5 unused Assets to reduce memory usage. Loaded Objects now: 1616.
Total: 2.135800 ms (FindLiveObjects: 0.141800 ms CreateObjectMapping: 0.042200 ms MarkObjects: 1.901500 ms  DeleteObjects: 0.049000 ms)

========================================================================
Received Import Request.
  Time since last request: 16.909404 seconds.
  path: Assets/Prefabs/Light AOE.prefab
  artifactKey: Guid(894f0fbcb1931f54e8352b077f5dabd3) Importer(815301076,1909f56bfc062723c751e8b465ee728b)
Start importing Assets/Prefabs/Light AOE.prefab using Guid(894f0fbcb1931f54e8352b077f5dabd3) Importer(815301076,1909f56bfc062723c751e8b465ee728b)  -> (artifact id: '4ede502e53005e7b2d13610b23b63dd1') in 0.054402 seconds
  Import took 0.056857 seconds .

========================================================================
Received Prepare
Registering precompiled user dll's ...
Registered in 0.001182 seconds.
Begin MonoManager ReloadAssembly
Native extension for WindowsStandalone target not found
Native extension for WebGL target not found
Refreshing native plugins compatible for Editor in 3.62 ms, found 0 plugins.
Preloading 0 native plugins for Editor in 0.00 ms.
Invoked RoslynAnalysisRunner static constructor.
RoslynAnalysisRunner will not be running.
RoslynAnalysisRunner has terminated.
Mono: successfully reloaded assembly
- Completed reload, in  3.661 seconds
Platform modules already initialized, skipping
Refreshing native plugins compatible for Editor in 0.33 ms, found 0 plugins.
Preloading 0 native plugins for Editor in 0.00 ms.
Unloading 1122 Unused Serialized files (Serialized files now loaded: 0)
System memory in use before: 60.5 MB.
System memory in use after: 60.6 MB.

Unloading 5 unused Assets to reduce memory usage. Loaded Objects now: 1618.
Total: 2.589600 ms (FindLiveObjects: 0.251100 ms CreateObjectMapping: 0.054500 ms MarkObjects: 2.231600 ms  DeleteObjects: 0.050500 ms)

========================================================================
Received Import Request.
  Time since last request: 23.336635 seconds.
  path: Assets/Prefabs/Light AOE.prefab
  artifactKey: Guid(894f0fbcb1931f54e8352b077f5dabd3) Importer(815301076,1909f56bfc062723c751e8b465ee728b)
Start importing Assets/Prefabs/Light AOE.prefab using Guid(894f0fbcb1931f54e8352b077f5dabd3) Importer(815301076,1909f56bfc062723c751e8b465ee728b)  -> (artifact id: '6be6dd33f5b1a088ac4609851128b999') in 0.066118 seconds
  Import took 0.068929 seconds .

========================================================================
Received Import Request.
  Time since last request: 27.482728 seconds.
  path: Assets/Prefabs/Light AOE.prefab
  artifactKey: Guid(894f0fbcb1931f54e8352b077f5dabd3) Importer(815301076,1909f56bfc062723c751e8b465ee728b)
Start importing Assets/Prefabs/Light AOE.prefab using Guid(894f0fbcb1931f54e8352b077f5dabd3) Importer(815301076,1909f56bfc062723c751e8b465ee728b)  -> (artifact id: '202a0daabcb4b93cfb0a6333d8124115') in 0.025580 seconds
  Import took 0.028661 seconds .

========================================================================
Received Import Request.
  Time since last request: 11.051309 seconds.
  path: Assets/Prefabs/Light AOE.prefab
  artifactKey: Guid(894f0fbcb1931f54e8352b077f5dabd3) Importer(815301076,1909f56bfc062723c751e8b465ee728b)
Start importing Assets/Prefabs/Light AOE.prefab using Guid(894f0fbcb1931f54e8352b077f5dabd3) Importer(815301076,1909f56bfc062723c751e8b465ee728b)  -> (artifact id: 'd293fca82aacfba10497d63568b03e51') in 0.025605 seconds
  Import took 0.027828 seconds .

========================================================================
Received Import Request.
  Time since last request: 5.069758 seconds.
  path: Assets/Prefabs/Light AOE.prefab
  artifactKey: Guid(894f0fbcb1931f54e8352b077f5dabd3) Importer(815301076,1909f56bfc062723c751e8b465ee728b)
Start importing Assets/Prefabs/Light AOE.prefab using Guid(894f0fbcb1931f54e8352b077f5dabd3) Importer(815301076,1909f56bfc062723c751e8b465ee728b)  -> (artifact id: '055baedbbe4e7488254e4cc4fcbb2634') in 0.058718 seconds
  Import took 0.065908 seconds .

========================================================================
Received Import Request.
  Time since last request: 5.423174 seconds.
  path: Assets/Prefabs/Light AOE.prefab
  artifactKey: Guid(894f0fbcb1931f54e8352b077f5dabd3) Importer(815301076,1909f56bfc062723c751e8b465ee728b)
Start importing Assets/Prefabs/Light AOE.prefab using Guid(894f0fbcb1931f54e8352b077f5dabd3) Importer(815301076,1909f56bfc062723c751e8b465ee728b)  -> (artifact id: 'e440167a682648e5c2a298e0aef8c4ef') in 0.060525 seconds
  Import took 0.063889 seconds .

========================================================================
Received Import Request.
  Time since last request: 18.373064 seconds.
  path: Assets/Prefabs/Light AOE.prefab
  artifactKey: Guid(894f0fbcb1931f54e8352b077f5dabd3) Importer(815301076,1909f56bfc062723c751e8b465ee728b)
Start importing Assets/Prefabs/Light AOE.prefab using Guid(894f0fbcb1931f54e8352b077f5dabd3) Importer(815301076,1909f56bfc062723c751e8b465ee728b)  -> (artifact id: 'e0d695623d09b0ce2c7ed36c29b9ed9d') in 0.025703 seconds
  Import took 0.030750 seconds .

========================================================================
Received Prepare
Registering precompiled user dll's ...
Registered in 0.000955 seconds.
Begin MonoManager ReloadAssembly
Native extension for WindowsStandalone target not found
Native extension for WebGL target not found
Refreshing native plugins compatible for Editor in 0.29 ms, found 0 plugins.
Preloading 0 native plugins for Editor in 0.00 ms.
Invoked RoslynAnalysisRunner static constructor.
RoslynAnalysisRunner will not be running.
RoslynAnalysisRunner has terminated.
Mono: successfully reloaded assembly
- Completed reload, in  1.121 seconds
Platform modules already initialized, skipping
Refreshing native plugins compatible for Editor in 0.26 ms, found 0 plugins.
Preloading 0 native plugins for Editor in 0.00 ms.
Unloading 1122 Unused Serialized files (Serialized files now loaded: 0)
System memory in use before: 60.5 MB.
System memory in use after: 60.6 MB.

Unloading 5 unused Assets to reduce memory usage. Loaded Objects now: 1620.
Total: 1.621400 ms (FindLiveObjects: 0.173400 ms CreateObjectMapping: 0.038300 ms MarkObjects: 1.362600 ms  DeleteObjects: 0.046100 ms)

========================================================================
Received Import Request.
  Time since last request: 37.860222 seconds.
  path: Assets/Prefabs/Light AOE.prefab
  artifactKey: Guid(894f0fbcb1931f54e8352b077f5dabd3) Importer(815301076,1909f56bfc062723c751e8b465ee728b)
Start importing Assets/Prefabs/Light AOE.prefab using Guid(894f0fbcb1931f54e8352b077f5dabd3) Importer(815301076,1909f56bfc062723c751e8b465ee728b)  -> (artifact id: 'bf87f205da220eaf70db3d10d675ba8a') in 0.045252 seconds
  Import took 0.048912 seconds .

========================================================================
Received Import Request.
  Time since last request: 1.173687 seconds.
  path: Assets/Prefabs/Light AOE.prefab
  artifactKey: Guid(894f0fbcb1931f54e8352b077f5dabd3) Importer(815301076,1909f56bfc062723c751e8b465ee728b)
Start importing Assets/Prefabs/Light AOE.prefab using Guid(894f0fbcb1931f54e8352b077f5dabd3) Importer(815301076,1909f56bfc062723c751e8b465ee728b)  -> (artifact id: 'bf87f205da220eaf70db3d10d675ba8a') in 0.040532 seconds
  Import took 0.042804 seconds .

========================================================================
Received Prepare
Registering precompiled user dll's ...
Registered in 0.001492 seconds.
Begin MonoManager ReloadAssembly
Native extension for WindowsStandalone target not found
Native extension for WebGL target not found
Refreshing native plugins compatible for Editor in 0.29 ms, found 0 plugins.
Preloading 0 native plugins for Editor in 0.00 ms.
Invoked RoslynAnalysisRunner static constructor.
RoslynAnalysisRunner will not be running.
RoslynAnalysisRunner has terminated.
Mono: successfully reloaded assembly
- Completed reload, in  2.407 seconds
Platform modules already initialized, skipping
Refreshing native plugins compatible for Editor in 0.27 ms, found 0 plugins.
Preloading 0 native plugins for Editor in 0.00 ms.
Unloading 1122 Unused Serialized files (Serialized files now loaded: 0)
System memory in use before: 60.5 MB.
System memory in use after: 60.6 MB.

Unloading 5 unused Assets to reduce memory usage. Loaded Objects now: 1622.
Total: 1.789100 ms (FindLiveObjects: 0.143800 ms CreateObjectMapping: 0.038200 ms MarkObjects: 1.558300 ms  DeleteObjects: 0.047500 ms)

========================================================================
Received Import Request.
  Time since last request: 46.970098 seconds.
  path: Assets/Prefabs/Light AOE.prefab
  artifactKey: Guid(894f0fbcb1931f54e8352b077f5dabd3) Importer(815301076,1909f56bfc062723c751e8b465ee728b)
Start importing Assets/Prefabs/Light AOE.prefab using Guid(894f0fbcb1931f54e8352b077f5dabd3) Importer(815301076,1909f56bfc062723c751e8b465ee728b)  -> (artifact id: 'b956a443fc97aa46dd70bc5bcfcf8de6') in 0.037639 seconds
  Import took 0.039883 seconds .

========================================================================
Received Import Request.
  Time since last request: 6.825217 seconds.
  path: Assets/Prefabs/Light AOE.prefab
  artifactKey: Guid(894f0fbcb1931f54e8352b077f5dabd3) Importer(815301076,1909f56bfc062723c751e8b465ee728b)
Start importing Assets/Prefabs/Light AOE.prefab using Guid(894f0fbcb1931f54e8352b077f5dabd3) Importer(815301076,1909f56bfc062723c751e8b465ee728b)  -> (artifact id: '19c9cb9998e907cfa128572c0cb90aff') in 0.021210 seconds
  Import took 0.024675 seconds .

========================================================================
Received Import Request.
  Time since last request: 6.640004 seconds.
  path: Assets/Prefabs/Light AOE.prefab
  artifactKey: Guid(894f0fbcb1931f54e8352b077f5dabd3) Importer(815301076,1909f56bfc062723c751e8b465ee728b)
Start importing Assets/Prefabs/Light AOE.prefab using Guid(894f0fbcb1931f54e8352b077f5dabd3) Importer(815301076,1909f56bfc062723c751e8b465ee728b)  -> (artifact id: '90b2ec31511fde9674c4c52f3f16f358') in 0.017341 seconds
  Import took 0.020453 seconds .

========================================================================
Received Import Request.
  Time since last request: 1.161859 seconds.
  path: Assets/Prefabs/Light AOE.prefab
  artifactKey: Guid(894f0fbcb1931f54e8352b077f5dabd3) Importer(815301076,1909f56bfc062723c751e8b465ee728b)
Start importing Assets/Prefabs/Light AOE.prefab using Guid(894f0fbcb1931f54e8352b077f5dabd3) Importer(815301076,1909f56bfc062723c751e8b465ee728b)  -> (artifact id: '1727f5daeb94eeac5572359d5750de1b') in 0.028471 seconds
  Import took 0.034135 seconds .

========================================================================
Received Import Request.
  Time since last request: 4.422908 seconds.
  path: Assets/Prefabs/Light AOE.prefab
  artifactKey: Guid(894f0fbcb1931f54e8352b077f5dabd3) Importer(815301076,1909f56bfc062723c751e8b465ee728b)
Start importing Assets/Prefabs/Light AOE.prefab using Guid(894f0fbcb1931f54e8352b077f5dabd3) Importer(815301076,1909f56bfc062723c751e8b465ee728b)  -> (artifact id: 'f7ad93f7ecd66fb25cd95856745a14a9') in 0.062764 seconds
  Import took 0.067554 seconds .

========================================================================
Received Prepare
Registering precompiled user dll's ...
Registered in 0.001120 seconds.
Begin MonoManager ReloadAssembly
Native extension for WindowsStandalone target not found
Native extension for WebGL target not found
Refreshing native plugins compatible for Editor in 0.25 ms, found 0 plugins.
Preloading 0 native plugins for Editor in 0.00 ms.
Invoked RoslynAnalysisRunner static constructor.
RoslynAnalysisRunner will not be running.
RoslynAnalysisRunner has terminated.
Mono: successfully reloaded assembly
- Completed reload, in  1.645 seconds
Platform modules already initialized, skipping
Refreshing native plugins compatible for Editor in 0.23 ms, found 0 plugins.
Preloading 0 native plugins for Editor in 0.00 ms.
Unloading 1122 Unused Serialized files (Serialized files now loaded: 0)
System memory in use before: 60.5 MB.
System memory in use after: 60.6 MB.

Unloading 5 unused Assets to reduce memory usage. Loaded Objects now: 1624.
Total: 1.723000 ms (FindLiveObjects: 0.140500 ms CreateObjectMapping: 0.041700 ms MarkObjects: 1.491000 ms  DeleteObjects: 0.048400 ms)

========================================================================
Received Import Request.
  Time since last request: 17.342426 seconds.
  path: Assets/Prefabs/Light AOE.prefab
  artifactKey: Guid(894f0fbcb1931f54e8352b077f5dabd3) Importer(815301076,1909f56bfc062723c751e8b465ee728b)
Start importing Assets/Prefabs/Light AOE.prefab using Guid(894f0fbcb1931f54e8352b077f5dabd3) Importer(815301076,1909f56bfc062723c751e8b465ee728b)  -> (artifact id: '0a672b4363bb3dbf3a248bcd6b00e2b3') in 0.042939 seconds
  Import took 0.045325 seconds .

========================================================================
Received Import Request.
  Time since last request: 7.696430 seconds.
  path: Assets/Prefabs/Light AOE.prefab
  artifactKey: Guid(894f0fbcb1931f54e8352b077f5dabd3) Importer(815301076,1909f56bfc062723c751e8b465ee728b)
Start importing Assets/Prefabs/Light AOE.prefab using Guid(894f0fbcb1931f54e8352b077f5dabd3) Importer(815301076,1909f56bfc062723c751e8b465ee728b)  -> (artifact id: '65a1c39f9c622cd4207b9d072b2d60d8') in 0.021738 seconds
  Import took 0.029078 seconds .

========================================================================
Received Import Request.
  Time since last request: 3.150828 seconds.
  path: Assets/Prefabs/Light AOE.prefab
  artifactKey: Guid(894f0fbcb1931f54e8352b077f5dabd3) Importer(815301076,1909f56bfc062723c751e8b465ee728b)
Start importing Assets/Prefabs/Light AOE.prefab using Guid(894f0fbcb1931f54e8352b077f5dabd3) Importer(815301076,1909f56bfc062723c751e8b465ee728b)  -> (artifact id: 'cd2f9ffaa15c82424c3feed050c09467') in 0.027734 seconds
  Import took 0.033613 seconds .

========================================================================
Received Prepare
Registering precompiled user dll's ...
Registered in 0.002023 seconds.
Begin MonoManager ReloadAssembly
Native extension for WindowsStandalone target not found
Native extension for WebGL target not found
Refreshing native plugins compatible for Editor in 0.25 ms, found 0 plugins.
Preloading 0 native plugins for Editor in 0.00 ms.
Invoked RoslynAnalysisRunner static constructor.
RoslynAnalysisRunner will not be running.
RoslynAnalysisRunner has terminated.
Mono: successfully reloaded assembly
- Completed reload, in  1.837 seconds
Platform modules already initialized, skipping
Refreshing native plugins compatible for Editor in 0.26 ms, found 0 plugins.
Preloading 0 native plugins for Editor in 0.00 ms.
Unloading 1122 Unused Serialized files (Serialized files now loaded: 0)
System memory in use before: 60.5 MB.
System memory in use after: 60.6 MB.

Unloading 5 unused Assets to reduce memory usage. Loaded Objects now: 1626.
Total: 1.740700 ms (FindLiveObjects: 0.136400 ms CreateObjectMapping: 0.038200 ms MarkObjects: 1.513800 ms  DeleteObjects: 0.051000 ms)

========================================================================
Received Import Request.
  Time since last request: 31.284048 seconds.
  path: Assets/Prefabs/Light AOE.prefab
  artifactKey: Guid(894f0fbcb1931f54e8352b077f5dabd3) Importer(815301076,1909f56bfc062723c751e8b465ee728b)
Start importing Assets/Prefabs/Light AOE.prefab using Guid(894f0fbcb1931f54e8352b077f5dabd3) Importer(815301076,1909f56bfc062723c751e8b465ee728b)  -> (artifact id: 'b215377dbbf713b1fdef23b44271130a') in 0.398402 seconds
  Import took 0.400765 seconds .

========================================================================
Received Import Request.
  Time since last request: 23.866662 seconds.
  path: Assets/Prefabs/Light AOE.prefab
  artifactKey: Guid(894f0fbcb1931f54e8352b077f5dabd3) Importer(815301076,1909f56bfc062723c751e8b465ee728b)
Start importing Assets/Prefabs/Light AOE.prefab using Guid(894f0fbcb1931f54e8352b077f5dabd3) Importer(815301076,1909f56bfc062723c751e8b465ee728b)  -> (artifact id: '69d79c832b7775b85611098ee565e419') in 0.024969 seconds
  Import took 0.043112 seconds .

========================================================================
Received Prepare
Registering precompiled user dll's ...
Registered in 0.003785 seconds.
Begin MonoManager ReloadAssembly
Native extension for WindowsStandalone target not found
Native extension for WebGL target not found
Refreshing native plugins compatible for Editor in 0.37 ms, found 0 plugins.
Preloading 0 native plugins for Editor in 0.00 ms.
Invoked RoslynAnalysisRunner static constructor.
RoslynAnalysisRunner will not be running.
RoslynAnalysisRunner has terminated.
Mono: successfully reloaded assembly
- Completed reload, in  4.314 seconds
Platform modules already initialized, skipping
Refreshing native plugins compatible for Editor in 0.51 ms, found 0 plugins.
Preloading 0 native plugins for Editor in 0.00 ms.
Unloading 1122 Unused Serialized files (Serialized files now loaded: 0)
System memory in use before: 60.5 MB.
System memory in use after: 60.6 MB.

Unloading 5 unused Assets to reduce memory usage. Loaded Objects now: 1628.
Total: 5.241300 ms (FindLiveObjects: 0.777300 ms CreateObjectMapping: 0.083200 ms MarkObjects: 4.330800 ms  DeleteObjects: 0.048200 ms)

========================================================================
Received Import Request.
  Time since last request: 25.040546 seconds.
  path: Assets/Prefabs/Light AOE.prefab
  artifactKey: Guid(894f0fbcb1931f54e8352b077f5dabd3) Importer(815301076,1909f56bfc062723c751e8b465ee728b)
Start importing Assets/Prefabs/Light AOE.prefab using Guid(894f0fbcb1931f54e8352b077f5dabd3) Importer(815301076,1909f56bfc062723c751e8b465ee728b)  -> (artifact id: '6ede3c6cbbd5744b1f4e8ae1f15110fa') in 0.114984 seconds
  Import took 0.125415 seconds .

========================================================================
Received Import Request.
  Time since last request: 11.260268 seconds.
  path: Assets/Prefabs/Light AOE.prefab
  artifactKey: Guid(894f0fbcb1931f54e8352b077f5dabd3) Importer(815301076,1909f56bfc062723c751e8b465ee728b)
Start importing Assets/Prefabs/Light AOE.prefab using Guid(894f0fbcb1931f54e8352b077f5dabd3) Importer(815301076,1909f56bfc062723c751e8b465ee728b)  -> (artifact id: '7fe3a242a96d83b5baf94c304679d707') in 0.039665 seconds
  Import took 0.049779 seconds .

========================================================================
Received Import Request.
  Time since last request: 12.777813 seconds.
  path: Assets/Prefabs/Light AOE.prefab
  artifactKey: Guid(894f0fbcb1931f54e8352b077f5dabd3) Importer(815301076,1909f56bfc062723c751e8b465ee728b)
Start importing Assets/Prefabs/Light AOE.prefab using Guid(894f0fbcb1931f54e8352b077f5dabd3) Importer(815301076,1909f56bfc062723c751e8b465ee728b)  -> (artifact id: '0960d8b9aeca85c96df1a5a619712515') in 0.077266 seconds
  Import took 0.085128 seconds .

========================================================================
Received Import Request.
  Time since last request: 443.010168 seconds.
  path: Assets/Prefabs/Light AOE.prefab
  artifactKey: Guid(894f0fbcb1931f54e8352b077f5dabd3) Importer(815301076,1909f56bfc062723c751e8b465ee728b)
Start importing Assets/Prefabs/Light AOE.prefab using Guid(894f0fbcb1931f54e8352b077f5dabd3) Importer(815301076,1909f56bfc062723c751e8b465ee728b)  -> (artifact id: 'a9420690072d207661923dbc5948e560') in 0.034741 seconds
  Import took 0.038265 seconds .

========================================================================
Received Prepare
Registering precompiled user dll's ...
Registered in 0.002473 seconds.
Begin MonoManager ReloadAssembly
Native extension for WindowsStandalone target not found
Native extension for WebGL target not found
Refreshing native plugins compatible for Editor in 1.03 ms, found 0 plugins.
Preloading 0 native plugins for Editor in 0.00 ms.
Invoked RoslynAnalysisRunner static constructor.
RoslynAnalysisRunner will not be running.
RoslynAnalysisRunner has terminated.
Mono: successfully reloaded assembly
- Completed reload, in  2.826 seconds
Platform modules already initialized, skipping
Refreshing native plugins compatible for Editor in 1.02 ms, found 0 plugins.
Preloading 0 native plugins for Editor in 0.00 ms.
Unloading 1122 Unused Serialized files (Serialized files now loaded: 0)
System memory in use before: 60.5 MB.
System memory in use after: 60.6 MB.

Unloading 5 unused Assets to reduce memory usage. Loaded Objects now: 1630.
Total: 2.897500 ms (FindLiveObjects: 0.177400 ms CreateObjectMapping: 0.049600 ms MarkObjects: 2.591900 ms  DeleteObjects: 0.076600 ms)

========================================================================
Received Import Request.
  Time since last request: 13.332933 seconds.
  path: Assets/Prefabs/Light AOE.prefab
  artifactKey: Guid(894f0fbcb1931f54e8352b077f5dabd3) Importer(815301076,1909f56bfc062723c751e8b465ee728b)
Start importing Assets/Prefabs/Light AOE.prefab using Guid(894f0fbcb1931f54e8352b077f5dabd3) Importer(815301076,1909f56bfc062723c751e8b465ee728b)  -> (artifact id: '44ab92b4f26e9302eee39747e28a894c') in 0.378140 seconds
  Import took 0.387046 seconds .

========================================================================
Received Prepare
Registering precompiled user dll's ...
Registered in 0.001354 seconds.
Begin MonoManager ReloadAssembly
Native extension for WindowsStandalone target not found
Native extension for WebGL target not found
Refreshing native plugins compatible for Editor in 0.27 ms, found 0 plugins.
Preloading 0 native plugins for Editor in 0.00 ms.
Invoked RoslynAnalysisRunner static constructor.
RoslynAnalysisRunner will not be running.
RoslynAnalysisRunner has terminated.
Mono: successfully reloaded assembly
- Completed reload, in  3.623 seconds
Platform modules already initialized, skipping
Refreshing native plugins compatible for Editor in 0.26 ms, found 0 plugins.
Preloading 0 native plugins for Editor in 0.00 ms.
Unloading 1122 Unused Serialized files (Serialized files now loaded: 0)
System memory in use before: 60.5 MB.
System memory in use after: 60.6 MB.

Unloading 5 unused Assets to reduce memory usage. Loaded Objects now: 1632.
Total: 2.870300 ms (FindLiveObjects: 0.168000 ms CreateObjectMapping: 0.047600 ms MarkObjects: 2.598700 ms  DeleteObjects: 0.054400 ms)

========================================================================
Received Import Request.
  Time since last request: 16.704201 seconds.
  path: Assets/Prefabs/Light AOE.prefab
  artifactKey: Guid(894f0fbcb1931f54e8352b077f5dabd3) Importer(815301076,1909f56bfc062723c751e8b465ee728b)
Start importing Assets/Prefabs/Light AOE.prefab using Guid(894f0fbcb1931f54e8352b077f5dabd3) Importer(815301076,1909f56bfc062723c751e8b465ee728b)  -> (artifact id: 'faf7e4306efd7b4ce661bdcc2cc20216') in 0.059980 seconds
  Import took 0.068560 seconds .

========================================================================
Received Import Request.
  Time since last request: 68.771951 seconds.
  path: Assets/Prefabs/Light AOE.prefab
  artifactKey: Guid(894f0fbcb1931f54e8352b077f5dabd3) Importer(815301076,1909f56bfc062723c751e8b465ee728b)
Start importing Assets/Prefabs/Light AOE.prefab using Guid(894f0fbcb1931f54e8352b077f5dabd3) Importer(815301076,1909f56bfc062723c751e8b465ee728b)  -> (artifact id: '98959248279fa49f5341fd2e37378987') in 0.016458 seconds
  Import took 0.018932 seconds .

========================================================================
Received Import Request.
  Time since last request: 7.113283 seconds.
  path: Assets/Prefabs/Light AOE.prefab
  artifactKey: Guid(894f0fbcb1931f54e8352b077f5dabd3) Importer(815301076,1909f56bfc062723c751e8b465ee728b)
Start importing Assets/Prefabs/Light AOE.prefab using Guid(894f0fbcb1931f54e8352b077f5dabd3) Importer(815301076,1909f56bfc062723c751e8b465ee728b)  -> (artifact id: 'fe2bd2270bc8904b9bd49b099edef3a9') in 0.009252 seconds
  Import took 0.018045 seconds .

========================================================================
Received Import Request.
  Time since last request: 20.701844 seconds.
  path: Assets/Prefabs/Light AOE.prefab
  artifactKey: Guid(894f0fbcb1931f54e8352b077f5dabd3) Importer(815301076,1909f56bfc062723c751e8b465ee728b)
Start importing Assets/Prefabs/Light AOE.prefab using Guid(894f0fbcb1931f54e8352b077f5dabd3) Importer(815301076,1909f56bfc062723c751e8b465ee728b)  -> (artifact id: '92359b52e475e4b0fce1fb5950657d55') in 0.054123 seconds
  Import took 0.057636 seconds .

========================================================================
Received Import Request.
  Time since last request: 25.324762 seconds.
  path: Assets/Prefabs/Light AOE.prefab
  artifactKey: Guid(894f0fbcb1931f54e8352b077f5dabd3) Importer(815301076,1909f56bfc062723c751e8b465ee728b)
Start importing Assets/Prefabs/Light AOE.prefab using Guid(894f0fbcb1931f54e8352b077f5dabd3) Importer(815301076,1909f56bfc062723c751e8b465ee728b)  -> (artifact id: '11b7106849ad75b1f30861291b2f8826') in 0.024425 seconds
  Import took 0.029023 seconds .

========================================================================
Received Import Request.
  Time since last request: 25.725736 seconds.
  path: Assets/Prefabs/Light AOE.prefab
  artifactKey: Guid(894f0fbcb1931f54e8352b077f5dabd3) Importer(815301076,1909f56bfc062723c751e8b465ee728b)
Start importing Assets/Prefabs/Light AOE.prefab using Guid(894f0fbcb1931f54e8352b077f5dabd3) Importer(815301076,1909f56bfc062723c751e8b465ee728b)  -> (artifact id: 'f3e9858beac44ff61ebb42889c3ba227') in 0.013741 seconds
  Import took 0.018156 seconds .

========================================================================
Received Prepare
Registering precompiled user dll's ...
Registered in 0.002739 seconds.
Begin MonoManager ReloadAssembly
Native extension for WindowsStandalone target not found
Native extension for WebGL target not found
Refreshing native plugins compatible for Editor in 0.24 ms, found 0 plugins.
Preloading 0 native plugins for Editor in 0.00 ms.
Invoked RoslynAnalysisRunner static constructor.
RoslynAnalysisRunner will not be running.
RoslynAnalysisRunner has terminated.
Mono: successfully reloaded assembly
- Completed reload, in  1.602 seconds
Platform modules already initialized, skipping
Refreshing native plugins compatible for Editor in 0.24 ms, found 0 plugins.
Preloading 0 native plugins for Editor in 0.00 ms.
Unloading 1122 Unused Serialized files (Serialized files now loaded: 0)
System memory in use before: 60.6 MB.
System memory in use after: 60.6 MB.

Unloading 5 unused Assets to reduce memory usage. Loaded Objects now: 1634.
Total: 1.849500 ms (FindLiveObjects: 0.190800 ms CreateObjectMapping: 0.051000 ms MarkObjects: 1.554800 ms  DeleteObjects: 0.051400 ms)

========================================================================
Received Import Request.
  Time since last request: 101.317698 seconds.
  path: Assets/Prefabs/Light AOE.prefab
  artifactKey: Guid(894f0fbcb1931f54e8352b077f5dabd3) Importer(815301076,1909f56bfc062723c751e8b465ee728b)
Start importing Assets/Prefabs/Light AOE.prefab using Guid(894f0fbcb1931f54e8352b077f5dabd3) Importer(815301076,1909f56bfc062723c751e8b465ee728b)  -> (artifact id: '72ec7aabaa59d3d7e5226abe3f4777f5') in 0.036656 seconds
  Import took 0.038987 seconds .

========================================================================
Received Import Request.
  Time since last request: 0.639778 seconds.
  path: Assets/Prefabs/Light AOE.prefab
  artifactKey: Guid(894f0fbcb1931f54e8352b077f5dabd3) Importer(815301076,1909f56bfc062723c751e8b465ee728b)
Start importing Assets/Prefabs/Light AOE.prefab using Guid(894f0fbcb1931f54e8352b077f5dabd3) Importer(815301076,1909f56bfc062723c751e8b465ee728b)  -> (artifact id: '72ec7aabaa59d3d7e5226abe3f4777f5') in 0.008705 seconds
  Import took 0.010995 seconds .

========================================================================
Received Prepare
Registering precompiled user dll's ...
Registered in 0.002770 seconds.
Begin MonoManager ReloadAssembly
Native extension for WindowsStandalone target not found
Native extension for WebGL target not found
Refreshing native plugins compatible for Editor in 0.37 ms, found 0 plugins.
Preloading 0 native plugins for Editor in 0.00 ms.
Invoked RoslynAnalysisRunner static constructor.
RoslynAnalysisRunner will not be running.
RoslynAnalysisRunner has terminated.
Mono: successfully reloaded assembly
- Completed reload, in  1.081 seconds
Platform modules already initialized, skipping
Refreshing native plugins compatible for Editor in 0.26 ms, found 0 plugins.
Preloading 0 native plugins for Editor in 0.00 ms.
Unloading 1122 Unused Serialized files (Serialized files now loaded: 0)
System memory in use before: 60.6 MB.
System memory in use after: 60.6 MB.

Unloading 5 unused Assets to reduce memory usage. Loaded Objects now: 1636.
Total: 2.126900 ms (FindLiveObjects: 0.132100 ms CreateObjectMapping: 0.038100 ms MarkObjects: 1.874700 ms  DeleteObjects: 0.080600 ms)

========================================================================
Received Prepare
Registering precompiled user dll's ...
Registered in 0.000897 seconds.
Begin MonoManager ReloadAssembly
Native extension for WindowsStandalone target not found
Native extension for WebGL target not found
Refreshing native plugins compatible for Editor in 2.89 ms, found 0 plugins.
Preloading 0 native plugins for Editor in 0.00 ms.
Invoked RoslynAnalysisRunner static constructor.
RoslynAnalysisRunner will not be running.
RoslynAnalysisRunner has terminated.
Mono: successfully reloaded assembly
- Completed reload, in  1.784 seconds
Platform modules already initialized, skipping
Refreshing native plugins compatible for Editor in 0.23 ms, found 0 plugins.
Preloading 0 native plugins for Editor in 0.00 ms.
Unloading 1122 Unused Serialized files (Serialized files now loaded: 0)
System memory in use before: 60.5 MB.
System memory in use after: 60.6 MB.

Unloading 5 unused Assets to reduce memory usage. Loaded Objects now: 1638.
Total: 2.197000 ms (FindLiveObjects: 0.162600 ms CreateObjectMapping: 0.044700 ms MarkObjects: 1.935700 ms  DeleteObjects: 0.052500 ms)

AssetImportWorkerClient::OnTransportError - code=2 error=End of file
